{"meta": {"format": 3, "version": "7.11.0", "timestamp": "2025-10-28T15:47:58.248507", "branch_coverage": false, "show_contexts": false}, "files": {"cloud_core\\__init__.py": {"executed_lines": [1, 8, 11, 12, 13, 14, 15, 16, 17, 19], "summary": {"covered_lines": 9, "num_statements": 9, "percent_covered": 100.0, "percent_covered_display": "100", "missing_lines": 0, "excluded_lines": 0}, "missing_lines": [], "excluded_lines": [], "functions": {"": {"executed_lines": [1, 8, 11, 12, 13, 14, 15, 16, 17, 19], "summary": {"covered_lines": 9, "num_statements": 9, "percent_covered": 100.0, "percent_covered_display": "100", "missing_lines": 0, "excluded_lines": 0}, "missing_lines": [], "excluded_lines": []}}, "classes": {"": {"executed_lines": [1, 8, 11, 12, 13, 14, 15, 16, 17, 19], "summary": {"covered_lines": 9, "num_statements": 9, "percent_covered": 100.0, "percent_covered_display": "100", "missing_lines": 0, "excluded_lines": 0}, "missing_lines": [], "excluded_lines": []}}}, "cloud_core\\deployment\\__init__.py": {"executed_lines": [1, 3, 4, 9, 11], "summary": {"covered_lines": 4, "num_statements": 4, "percent_covered": 100.0, "percent_covered_display": "100", "missing_lines": 0, "excluded_lines": 0}, "missing_lines": [], "excluded_lines": [], "functions": {"": {"executed_lines": [1, 3, 4, 9, 11], "summary": {"covered_lines": 4, "num_statements": 4, "percent_covered": 100.0, "percent_covered_display": "100", "missing_lines": 0, "excluded_lines": 0}, "missing_lines": [], "excluded_lines": []}}, "classes": {"": {"executed_lines": [1, 3, 4, 9, 11], "summary": {"covered_lines": 4, "num_statements": 4, "percent_covered": 100.0, "percent_covered_display": "100", "missing_lines": 0, "excluded_lines": 0}, "missing_lines": [], "excluded_lines": []}}}, "cloud_core\\deployment\\config_generator.py": {"executed_lines": [1, 7, 8, 9, 11, 13, 16, 17, 19, 26, 27, 29, 41, 44, 46, 48, 49, 53, 54, 56, 57, 59, 76, 80, 82, 83, 86, 88, 89, 92, 111, 113, 114, 116, 117, 119, 135, 137, 140, 141, 143, 145, 160, 161, 167, 170, 172, 173, 175, 177, 190, 192, 193, 194, 195, 197, 199, 209, 210, 212, 214, 216, 218, 219, 221, 223, 225, 232, 233, 240, 253, 256, 267, 268, 269, 271], "summary": {"covered_lines": 74, "num_statements": 84, "percent_covered": 88.0952380952381, "percent_covered_display": "88", "missing_lines": 10, "excluded_lines": 0}, "missing_lines": [42, 50, 51, 77, 138, 162, 164, 235, 236, 238], "excluded_lines": [], "functions": {"ConfigGenerator.__init__": {"executed_lines": [26, 27], "summary": {"covered_lines": 2, "num_statements": 2, "percent_covered": 100.0, "percent_covered_display": "100", "missing_lines": 0, "excluded_lines": 0}, "missing_lines": [], "excluded_lines": []}, "ConfigGenerator.generate_all_configs": {"executed_lines": [41, 44, 46, 48, 49, 53, 54, 56, 57], "summary": {"covered_lines": 9, "num_statements": 12, "percent_covered": 75.0, "percent_covered_display": "75", "missing_lines": 3, "excluded_lines": 0}, "missing_lines": [42, 50, 51], "excluded_lines": []}, "ConfigGenerator.generate_stack_config": {"executed_lines": [76, 80, 82, 83, 86, 88, 89, 92, 111, 113, 114, 116, 117], "summary": {"covered_lines": 13, "num_statements": 14, "percent_covered": 92.85714285714286, "percent_covered_display": "93", "missing_lines": 1, "excluded_lines": 0}, "missing_lines": [77], "excluded_lines": []}, "ConfigGenerator.load_stack_config": {"executed_lines": [135, 137, 140, 141, 143], "summary": {"covered_lines": 5, "num_statements": 6, "percent_covered": 83.33333333333333, "percent_covered_display": "83", "missing_lines": 1, "excluded_lines": 0}, "missing_lines": [138], "excluded_lines": []}, "ConfigGenerator.update_stack_config": {"executed_lines": [160, 161, 167, 170, 172, 173, 175], "summary": {"covered_lines": 7, "num_statements": 9, "percent_covered": 77.77777777777777, "percent_covered_display": "78", "missing_lines": 2, "excluded_lines": 0}, "missing_lines": [162, 164], "excluded_lines": []}, "ConfigGenerator.delete_stack_config": {"executed_lines": [190, 192, 193, 194, 195, 197], "summary": {"covered_lines": 6, "num_statements": 6, "percent_covered": 100.0, "percent_covered_display": "100", "missing_lines": 0, "excluded_lines": 0}, "missing_lines": [], "excluded_lines": []}, "ConfigGenerator.list_config_files": {"executed_lines": [209, 210, 212, 214, 216, 218, 219, 221, 223], "summary": {"covered_lines": 9, "num_statements": 9, "percent_covered": 100.0, "percent_covered_display": "100", "missing_lines": 0, "excluded_lines": 0}, "missing_lines": [], "excluded_lines": []}, "ConfigGenerator._load_manifest": {"executed_lines": [232, 233], "summary": {"covered_lines": 2, "num_statements": 5, "percent_covered": 40.0, "percent_covered_display": "40", "missing_lines": 3, "excluded_lines": 0}, "missing_lines": [235, 236, 238], "excluded_lines": []}, "ConfigGenerator.generate_pulumi_config_values": {"executed_lines": [253, 256, 267, 268, 269, 271], "summary": {"covered_lines": 6, "num_statements": 6, "percent_covered": 100.0, "percent_covered_display": "100", "missing_lines": 0, "excluded_lines": 0}, "missing_lines": [], "excluded_lines": []}, "": {"executed_lines": [1, 7, 8, 9, 11, 13, 16, 17, 19, 29, 59, 119, 145, 177, 199, 225, 240], "summary": {"covered_lines": 15, "num_statements": 15, "percent_covered": 100.0, "percent_covered_display": "100", "missing_lines": 0, "excluded_lines": 0}, "missing_lines": [], "excluded_lines": []}}, "classes": {"ConfigGenerator": {"executed_lines": [26, 27, 41, 44, 46, 48, 49, 53, 54, 56, 57, 76, 80, 82, 83, 86, 88, 89, 92, 111, 113, 114, 116, 117, 135, 137, 140, 141, 143, 160, 161, 167, 170, 172, 173, 175, 190, 192, 193, 194, 195, 197, 209, 210, 212, 214, 216, 218, 219, 221, 223, 232, 233, 253, 256, 267, 268, 269, 271], "summary": {"covered_lines": 59, "num_statements": 69, "percent_covered": 85.5072463768116, "percent_covered_display": "86", "missing_lines": 10, "excluded_lines": 0}, "missing_lines": [42, 50, 51, 77, 138, 162, 164, 235, 236, 238], "excluded_lines": []}, "": {"executed_lines": [1, 7, 8, 9, 11, 13, 16, 17, 19, 29, 59, 119, 145, 177, 199, 225, 240], "summary": {"covered_lines": 15, "num_statements": 15, "percent_covered": 100.0, "percent_covered_display": "100", "missing_lines": 0, "excluded_lines": 0}, "missing_lines": [], "excluded_lines": []}}}, "cloud_core\\deployment\\deployment_manager.py": {"executed_lines": [1, 7, 8, 9, 10, 12, 13, 14, 16, 19, 20, 22, 25, 26, 28, 36, 37, 44, 46, 48, 79, 80, 81, 82, 84, 90, 92, 93, 97, 100, 101, 113, 114, 117, 127, 128, 129, 131, 132, 134, 149, 150, 151, 154, 156, 170, 171, 173, 184, 185, 187, 188, 190, 192, 199, 201, 202, 206, 209, 210, 211, 212, 218, 220, 230, 232, 236, 237, 238, 239, 244, 272, 285, 287, 288, 290, 292, 297, 298, 300, 302, 315, 317, 320, 322, 323, 325, 327, 342, 344, 345, 350, 355, 357, 359, 360, 362, 372, 374, 385, 386, 388, 390, 391, 393, 394, 395, 397, 399, 412, 414, 429, 431, 434, 437, 438, 439, 440, 443, 446, 449, 450, 452, 454, 473, 474, 476, 477, 479, 481, 499, 500, 502, 506, 509, 511], "summary": {"covered_lines": 133, "num_statements": 153, "percent_covered": 86.9281045751634, "percent_covered_display": "87", "missing_lines": 20, "excluded_lines": 0}, "missing_lines": [41, 42, 203, 207, 213, 214, 234, 240, 241, 242, 255, 257, 258, 266, 293, 318, 351, 387, 432, 503], "excluded_lines": [], "functions": {"DeploymentManager.__init__": {"executed_lines": [36, 37, 44, 46], "summary": {"covered_lines": 4, "num_statements": 6, "percent_covered": 66.66666666666667, "percent_covered_display": "67", "missing_lines": 2, "excluded_lines": 0}, "missing_lines": [41, 42], "excluded_lines": []}, "DeploymentManager.create_deployment": {"executed_lines": [79, 80, 81, 82, 84, 90, 92, 93, 97, 100, 101, 113, 114, 117, 127, 128, 129, 131, 132], "summary": {"covered_lines": 19, "num_statements": 19, "percent_covered": 100.0, "percent_covered_display": "100", "missing_lines": 0, "excluded_lines": 0}, "missing_lines": [], "excluded_lines": []}, "DeploymentManager.get_deployment_dir": {"executed_lines": [149, 150, 151, 154], "summary": {"covered_lines": 4, "num_statements": 4, "percent_covered": 100.0, "percent_covered_display": "100", "missing_lines": 0, "excluded_lines": 0}, "missing_lines": [], "excluded_lines": []}, "DeploymentManager._get_deployment_dir": {"executed_lines": [170, 171], "summary": {"covered_lines": 2, "num_statements": 2, "percent_covered": 100.0, "percent_covered_display": "100", "missing_lines": 0, "excluded_lines": 0}, "missing_lines": [], "excluded_lines": []}, "DeploymentManager._find_deployment_dir": {"executed_lines": [184, 185, 187, 188, 190], "summary": {"covered_lines": 5, "num_statements": 5, "percent_covered": 100.0, "percent_covered_display": "100", "missing_lines": 0, "excluded_lines": 0}, "missing_lines": [], "excluded_lines": []}, "DeploymentManager.list_deployments": {"executed_lines": [199, 201, 202, 206, 209, 210, 211, 212, 218], "summary": {"covered_lines": 9, "num_statements": 13, "percent_covered": 69.23076923076923, "percent_covered_display": "69", "missing_lines": 4, "excluded_lines": 0}, "missing_lines": [203, 207, 213, 214], "excluded_lines": []}, "DeploymentManager.get_deployment_metadata": {"executed_lines": [230, 232, 236, 237, 238, 239], "summary": {"covered_lines": 6, "num_statements": 10, "percent_covered": 60.0, "percent_covered_display": "60", "missing_lines": 4, "excluded_lines": 0}, "missing_lines": [234, 240, 241, 242], "excluded_lines": []}, "DeploymentManager._extract_metadata_from_dir_name": {"executed_lines": [], "summary": {"covered_lines": 0, "num_statements": 4, "percent_covered": 0.0, "percent_covered_display": "0", "missing_lines": 4, "excluded_lines": 0}, "missing_lines": [255, 257, 258, 266], "excluded_lines": []}, "DeploymentManager.load_manifest": {"executed_lines": [285, 287, 288, 290, 292, 297, 298, 300], "summary": {"covered_lines": 8, "num_statements": 9, "percent_covered": 88.88888888888889, "percent_covered_display": "89", "missing_lines": 1, "excluded_lines": 0}, "missing_lines": [293], "excluded_lines": []}, "DeploymentManager.save_manifest": {"executed_lines": [315, 317, 320, 322, 323, 325], "summary": {"covered_lines": 6, "num_statements": 7, "percent_covered": 85.71428571428571, "percent_covered_display": "86", "missing_lines": 1, "excluded_lines": 0}, "missing_lines": [318], "excluded_lines": []}, "DeploymentManager.delete_deployment": {"executed_lines": [342, 344, 345, 350, 355, 357, 359, 360], "summary": {"covered_lines": 8, "num_statements": 9, "percent_covered": 88.88888888888889, "percent_covered_display": "89", "missing_lines": 1, "excluded_lines": 0}, "missing_lines": [351], "excluded_lines": []}, "DeploymentManager.deployment_exists": {"executed_lines": [372], "summary": {"covered_lines": 1, "num_statements": 1, "percent_covered": 100.0, "percent_covered_display": "100", "missing_lines": 0, "excluded_lines": 0}, "missing_lines": [], "excluded_lines": []}, "DeploymentManager.get_enabled_stacks": {"executed_lines": [385, 386, 388, 390, 391, 393, 394, 395, 397], "summary": {"covered_lines": 9, "num_statements": 10, "percent_covered": 90.0, "percent_covered_display": "90", "missing_lines": 1, "excluded_lines": 0}, "missing_lines": [387], "excluded_lines": []}, "DeploymentManager.get_deployment_id_from_manifest": {"executed_lines": [412], "summary": {"covered_lines": 1, "num_statements": 1, "percent_covered": 100.0, "percent_covered_display": "100", "missing_lines": 0, "excluded_lines": 0}, "missing_lines": [], "excluded_lines": []}, "DeploymentManager.update_deployment_metadata": {"executed_lines": [429, 431, 434, 437, 438, 439, 440, 443, 446, 449, 450, 452], "summary": {"covered_lines": 12, "num_statements": 13, "percent_covered": 92.3076923076923, "percent_covered_display": "92", "missing_lines": 1, "excluded_lines": 0}, "missing_lines": [432], "excluded_lines": []}, "DeploymentManager.get_stack_config": {"executed_lines": [473, 474, 476, 477, 479], "summary": {"covered_lines": 5, "num_statements": 5, "percent_covered": 100.0, "percent_covered_display": "100", "missing_lines": 0, "excluded_lines": 0}, "missing_lines": [], "excluded_lines": []}, "DeploymentManager.update_stack_config": {"executed_lines": [499, 500, 502, 506, 509, 511], "summary": {"covered_lines": 6, "num_statements": 7, "percent_covered": 85.71428571428571, "percent_covered_display": "86", "missing_lines": 1, "excluded_lines": 0}, "missing_lines": [503], "excluded_lines": []}, "": {"executed_lines": [1, 7, 8, 9, 10, 12, 13, 14, 16, 19, 20, 22, 25, 26, 28, 48, 134, 156, 173, 192, 220, 244, 272, 302, 327, 362, 374, 399, 414, 454, 481], "summary": {"covered_lines": 28, "num_statements": 28, "percent_covered": 100.0, "percent_covered_display": "100", "missing_lines": 0, "excluded_lines": 0}, "missing_lines": [], "excluded_lines": []}}, "classes": {"DeploymentNotFoundError": {"executed_lines": [], "summary": {"covered_lines": 0, "num_statements": 0, "percent_covered": 100.0, "percent_covered_display": "100", "missing_lines": 0, "excluded_lines": 0}, "missing_lines": [], "excluded_lines": []}, "DeploymentManager": {"executed_lines": [36, 37, 44, 46, 79, 80, 81, 82, 84, 90, 92, 93, 97, 100, 101, 113, 114, 117, 127, 128, 129, 131, 132, 149, 150, 151, 154, 170, 171, 184, 185, 187, 188, 190, 199, 201, 202, 206, 209, 210, 211, 212, 218, 230, 232, 236, 237, 238, 239, 285, 287, 288, 290, 292, 297, 298, 300, 315, 317, 320, 322, 323, 325, 342, 344, 345, 350, 355, 357, 359, 360, 372, 385, 386, 388, 390, 391, 393, 394, 395, 397, 412, 429, 431, 434, 437, 438, 439, 440, 443, 446, 449, 450, 452, 473, 474, 476, 477, 479, 499, 500, 502, 506, 509, 511], "summary": {"covered_lines": 105, "num_statements": 125, "percent_covered": 84.0, "percent_covered_display": "84", "missing_lines": 20, "excluded_lines": 0}, "missing_lines": [41, 42, 203, 207, 213, 214, 234, 240, 241, 242, 255, 257, 258, 266, 293, 318, 351, 387, 432, 503], "excluded_lines": []}, "": {"executed_lines": [1, 7, 8, 9, 10, 12, 13, 14, 16, 19, 20, 22, 25, 26, 28, 48, 134, 156, 173, 192, 220, 244, 272, 302, 327, 362, 374, 399, 414, 454, 481], "summary": {"covered_lines": 28, "num_statements": 28, "percent_covered": 100.0, "percent_covered_display": "100", "missing_lines": 0, "excluded_lines": 0}, "missing_lines": [], "excluded_lines": []}}}, "cloud_core\\deployment\\state_manager.py": {"executed_lines": [1, 7, 8, 9, 10, 11, 12, 14, 16, 19, 20, 22, 23, 24, 25, 26, 27, 28, 29, 32, 33, 35, 36, 37, 38, 39, 40, 43, 44, 46, 53, 54, 55, 58, 59, 61, 63, 70, 71, 73, 75, 82, 85, 86, 88, 95, 97, 98, 100, 107, 108, 109, 111, 113, 120, 121, 123, 124, 128, 139, 141, 144, 146, 153, 155, 168, 169, 171, 173, 174, 176, 178, 179, 183, 193, 194, 196, 197, 198, 199, 201, 202, 206, 208, 222, 230, 231, 233, 235, 245, 246, 248, 250, 251, 252, 253, 254, 259, 261, 271, 272, 277, 279, 281, 291, 292, 294, 295, 296, 298, 300, 301, 303, 310, 311, 313, 320, 322, 332, 333, 335, 338, 342], "summary": {"covered_lines": 119, "num_statements": 129, "percent_covered": 92.24806201550388, "percent_covered_display": "92", "missing_lines": 10, "excluded_lines": 0}, "missing_lines": [83, 125, 126, 142, 180, 181, 203, 204, 255, 256], "excluded_lines": [], "functions": {"StateManager.__init__": {"executed_lines": [53, 54, 55, 58, 59], "summary": {"covered_lines": 5, "num_statements": 5, "percent_covered": 100.0, "percent_covered_display": "100", "missing_lines": 0, "excluded_lines": 0}, "missing_lines": [], "excluded_lines": []}, "StateManager._initialize_state": {"executed_lines": [63, 70, 71, 73], "summary": {"covered_lines": 4, "num_statements": 4, "percent_covered": 100.0, "percent_covered_display": "100", "missing_lines": 0, "excluded_lines": 0}, "missing_lines": [], "excluded_lines": []}, "StateManager.load_state": {"executed_lines": [82, 85, 86], "summary": {"covered_lines": 3, "num_statements": 4, "percent_covered": 75.0, "percent_covered_display": "75", "missing_lines": 1, "excluded_lines": 0}, "missing_lines": [83], "excluded_lines": []}, "StateManager.save_state": {"executed_lines": [95, 97, 98], "summary": {"covered_lines": 3, "num_statements": 3, "percent_covered": 100.0, "percent_covered_display": "100", "missing_lines": 0, "excluded_lines": 0}, "missing_lines": [], "excluded_lines": []}, "StateManager.set_deployment_status": {"executed_lines": [107, 108, 109, 111], "summary": {"covered_lines": 4, "num_statements": 4, "percent_covered": 100.0, "percent_covered_display": "100", "missing_lines": 0, "excluded_lines": 0}, "missing_lines": [], "excluded_lines": []}, "StateManager.get_deployment_status": {"executed_lines": [120, 121, 123, 124], "summary": {"covered_lines": 4, "num_statements": 6, "percent_covered": 66.66666666666667, "percent_covered_display": "67", "missing_lines": 2, "excluded_lines": 0}, "missing_lines": [125, 126], "excluded_lines": []}, "StateManager.set_stack_status": {"executed_lines": [139, 141, 144, 146, 153], "summary": {"covered_lines": 5, "num_statements": 6, "percent_covered": 83.33333333333333, "percent_covered_display": "83", "missing_lines": 1, "excluded_lines": 0}, "missing_lines": [142], "excluded_lines": []}, "StateManager.get_stack_status": {"executed_lines": [168, 169, 171, 173, 174, 176, 178, 179], "summary": {"covered_lines": 8, "num_statements": 10, "percent_covered": 80.0, "percent_covered_display": "80", "missing_lines": 2, "excluded_lines": 0}, "missing_lines": [180, 181], "excluded_lines": []}, "StateManager.get_all_stack_statuses": {"executed_lines": [193, 194, 196, 197, 198, 199, 201, 202, 206], "summary": {"covered_lines": 9, "num_statements": 11, "percent_covered": 81.81818181818181, "percent_covered_display": "82", "missing_lines": 2, "excluded_lines": 0}, "missing_lines": [203, 204], "excluded_lines": []}, "StateManager.record_operation": {"executed_lines": [222, 230, 231, 233], "summary": {"covered_lines": 4, "num_statements": 4, "percent_covered": 100.0, "percent_covered_display": "100", "missing_lines": 0, "excluded_lines": 0}, "missing_lines": [], "excluded_lines": []}, "StateManager.get_operation_history": {"executed_lines": [245, 246, 248, 250, 251, 252, 253, 254, 259], "summary": {"covered_lines": 9, "num_statements": 11, "percent_covered": 81.81818181818181, "percent_covered_display": "82", "missing_lines": 2, "excluded_lines": 0}, "missing_lines": [255, 256], "excluded_lines": []}, "StateManager.start_operation": {"executed_lines": [271, 272, 277, 279], "summary": {"covered_lines": 4, "num_statements": 4, "percent_covered": 100.0, "percent_covered_display": "100", "missing_lines": 0, "excluded_lines": 0}, "missing_lines": [], "excluded_lines": []}, "StateManager.complete_operation": {"executed_lines": [291, 292, 294, 295, 296, 298, 300, 301], "summary": {"covered_lines": 8, "num_statements": 8, "percent_covered": 100.0, "percent_covered_display": "100", "missing_lines": 0, "excluded_lines": 0}, "missing_lines": [], "excluded_lines": []}, "StateManager.get_current_operation": {"executed_lines": [310, 311], "summary": {"covered_lines": 2, "num_statements": 2, "percent_covered": 100.0, "percent_covered_display": "100", "missing_lines": 0, "excluded_lines": 0}, "missing_lines": [], "excluded_lines": []}, "StateManager.is_operation_in_progress": {"executed_lines": [320], "summary": {"covered_lines": 1, "num_statements": 1, "percent_covered": 100.0, "percent_covered_display": "100", "missing_lines": 0, "excluded_lines": 0}, "missing_lines": [], "excluded_lines": []}, "StateManager.get_deployment_summary": {"executed_lines": [332, 333, 335, 338, 342], "summary": {"covered_lines": 5, "num_statements": 5, "percent_covered": 100.0, "percent_covered_display": "100", "missing_lines": 0, "excluded_lines": 0}, "missing_lines": [], "excluded_lines": []}, "": {"executed_lines": [1, 7, 8, 9, 10, 11, 12, 14, 16, 19, 20, 22, 23, 24, 25, 26, 27, 28, 29, 32, 33, 35, 36, 37, 38, 39, 40, 43, 44, 46, 61, 75, 88, 100, 113, 128, 155, 183, 208, 235, 261, 281, 303, 313, 322], "summary": {"covered_lines": 41, "num_statements": 41, "percent_covered": 100.0, "percent_covered_display": "100", "missing_lines": 0, "excluded_lines": 0}, "missing_lines": [], "excluded_lines": []}}, "classes": {"DeploymentStatus": {"executed_lines": [], "summary": {"covered_lines": 0, "num_statements": 0, "percent_covered": 100.0, "percent_covered_display": "100", "missing_lines": 0, "excluded_lines": 0}, "missing_lines": [], "excluded_lines": []}, "StackStatus": {"executed_lines": [], "summary": {"covered_lines": 0, "num_statements": 0, "percent_covered": 100.0, "percent_covered_display": "100", "missing_lines": 0, "excluded_lines": 0}, "missing_lines": [], "excluded_lines": []}, "StateManager": {"executed_lines": [53, 54, 55, 58, 59, 63, 70, 71, 73, 82, 85, 86, 95, 97, 98, 107, 108, 109, 111, 120, 121, 123, 124, 139, 141, 144, 146, 153, 168, 169, 171, 173, 174, 176, 178, 179, 193, 194, 196, 197, 198, 199, 201, 202, 206, 222, 230, 231, 233, 245, 246, 248, 250, 251, 252, 253, 254, 259, 271, 272, 277, 279, 291, 292, 294, 295, 296, 298, 300, 301, 310, 311, 320, 332, 333, 335, 338, 342], "summary": {"covered_lines": 78, "num_statements": 88, "percent_covered": 88.63636363636364, "percent_covered_display": "89", "missing_lines": 10, "excluded_lines": 0}, "missing_lines": [83, 125, 126, 142, 180, 181, 203, 204, 255, 256], "excluded_lines": []}, "": {"executed_lines": [1, 7, 8, 9, 10, 11, 12, 14, 16, 19, 20, 22, 23, 24, 25, 26, 27, 28, 29, 32, 33, 35, 36, 37, 38, 39, 40, 43, 44, 46, 61, 75, 88, 100, 113, 128, 155, 183, 208, 235, 261, 281, 303, 313, 322], "summary": {"covered_lines": 41, "num_statements": 41, "percent_covered": 100.0, "percent_covered_display": "100", "missing_lines": 0, "excluded_lines": 0}, "missing_lines": [], "excluded_lines": []}}}, "cloud_core\\orchestrator\\__init__.py": {"executed_lines": [1, 3, 4, 5, 6, 13], "summary": {"covered_lines": 5, "num_statements": 5, "percent_covered": 100.0, "percent_covered_display": "100", "missing_lines": 0, "excluded_lines": 0}, "missing_lines": [], "excluded_lines": [], "functions": {"": {"executed_lines": [1, 3, 4, 5, 6, 13], "summary": {"covered_lines": 5, "num_statements": 5, "percent_covered": 100.0, "percent_covered_display": "100", "missing_lines": 0, "excluded_lines": 0}, "missing_lines": [], "excluded_lines": []}}, "classes": {"": {"executed_lines": [1, 3, 4, 5, 6, 13], "summary": {"covered_lines": 5, "num_statements": 5, "percent_covered": 100.0, "percent_covered_display": "100", "missing_lines": 0, "excluded_lines": 0}, "missing_lines": [], "excluded_lines": []}}}, "cloud_core\\orchestrator\\dependency_resolver.py": {"executed_lines": [1, 8, 9, 12, 13, 14, 16, 17, 18, 19, 20, 23, 24, 26, 27, 28, 29, 32, 33, 35, 37, 38, 40, 57, 59, 60, 63, 64, 67, 70, 72, 73, 75, 76, 81, 82, 83, 84, 88, 91, 92, 93, 94, 95, 96, 98, 105, 108, 109, 110, 113, 114, 115, 117, 119, 130, 132, 134, 135, 136, 137, 139, 140, 143, 144, 147, 148, 151, 152, 153, 155, 157, 168, 169, 171, 174, 175, 178, 179, 182, 186, 188, 189, 192, 193, 194, 195, 198, 201, 203, 215, 217, 218, 219, 220, 222, 225, 226, 227, 228, 230, 242, 244, 245, 246, 247, 249, 252, 253, 254, 255, 257, 267, 268, 270, 271, 272, 274, 278, 279, 282, 283, 284, 285, 287, 297, 298, 300, 301, 302, 304, 308, 309, 312, 313, 314, 315, 317, 328, 329, 331, 332, 334, 336, 338, 340, 344, 354, 355, 358, 359, 360, 361, 363, 373, 374, 375, 376, 378, 389, 390, 391, 392], "summary": {"covered_lines": 159, "num_statements": 164, "percent_covered": 96.95121951219512, "percent_covered_display": "97", "missing_lines": 5, "excluded_lines": 0}, "missing_lines": [199, 221, 248, 280, 310], "excluded_lines": [], "functions": {"CircularDependencyError.__init__": {"executed_lines": [27, 28, 29], "summary": {"covered_lines": 3, "num_statements": 3, "percent_covered": 100.0, "percent_covered_display": "100", "missing_lines": 0, "excluded_lines": 0}, "missing_lines": [], "excluded_lines": []}, "DependencyResolver.__init__": {"executed_lines": [37, 38], "summary": {"covered_lines": 2, "num_statements": 2, "percent_covered": 100.0, "percent_covered_display": "100", "missing_lines": 0, "excluded_lines": 0}, "missing_lines": [], "excluded_lines": []}, "DependencyResolver.build_graph": {"executed_lines": [57, 59, 60, 63, 64, 67, 70, 72, 73, 75, 76, 81, 82, 83, 84, 88, 91, 92, 93, 94, 95, 96], "summary": {"covered_lines": 22, "num_statements": 22, "percent_covered": 100.0, "percent_covered_display": "100", "missing_lines": 0, "excluded_lines": 0}, "missing_lines": [], "excluded_lines": []}, "DependencyResolver.detect_cycles": {"executed_lines": [105, 108, 109, 110, 113, 114, 115, 117], "summary": {"covered_lines": 8, "num_statements": 8, "percent_covered": 100.0, "percent_covered_display": "100", "missing_lines": 0, "excluded_lines": 0}, "missing_lines": [], "excluded_lines": []}, "DependencyResolver._dfs_detect_cycle": {"executed_lines": [130, 132, 134, 135, 136, 137, 139, 140, 143, 144, 147, 148, 151, 152, 153, 155], "summary": {"covered_lines": 16, "num_statements": 16, "percent_covered": 100.0, "percent_covered_display": "100", "missing_lines": 0, "excluded_lines": 0}, "missing_lines": [], "excluded_lines": []}, "DependencyResolver.get_dependency_order": {"executed_lines": [168, 169, 171, 174, 175, 178, 179, 182, 186, 188, 189, 192, 193, 194, 195, 198, 201], "summary": {"covered_lines": 17, "num_statements": 18, "percent_covered": 94.44444444444444, "percent_covered_display": "94", "missing_lines": 1, "excluded_lines": 0}, "missing_lines": [199], "excluded_lines": []}, "DependencyResolver.get_dependencies": {"executed_lines": [215, 217, 218, 219, 220, 222, 225, 226, 227, 228], "summary": {"covered_lines": 10, "num_statements": 11, "percent_covered": 90.9090909090909, "percent_covered_display": "91", "missing_lines": 1, "excluded_lines": 0}, "missing_lines": [221], "excluded_lines": []}, "DependencyResolver.get_dependents": {"executed_lines": [242, 244, 245, 246, 247, 249, 252, 253, 254, 255], "summary": {"covered_lines": 10, "num_statements": 11, "percent_covered": 90.9090909090909, "percent_covered_display": "91", "missing_lines": 1, "excluded_lines": 0}, "missing_lines": [248], "excluded_lines": []}, "DependencyResolver.get_all_dependencies_recursive": {"executed_lines": [267, 268, 270, 271, 272], "summary": {"covered_lines": 5, "num_statements": 5, "percent_covered": 100.0, "percent_covered_display": "100", "missing_lines": 0, "excluded_lines": 0}, "missing_lines": [], "excluded_lines": []}, "DependencyResolver._collect_dependencies_recursive": {"executed_lines": [278, 279, 282, 283, 284, 285], "summary": {"covered_lines": 6, "num_statements": 7, "percent_covered": 85.71428571428571, "percent_covered_display": "86", "missing_lines": 1, "excluded_lines": 0}, "missing_lines": [280], "excluded_lines": []}, "DependencyResolver.get_all_dependents_recursive": {"executed_lines": [297, 298, 300, 301, 302], "summary": {"covered_lines": 5, "num_statements": 5, "percent_covered": 100.0, "percent_covered_display": "100", "missing_lines": 0, "excluded_lines": 0}, "missing_lines": [], "excluded_lines": []}, "DependencyResolver._collect_dependents_recursive": {"executed_lines": [308, 309, 312, 313, 314, 315], "summary": {"covered_lines": 6, "num_statements": 7, "percent_covered": 85.71428571428571, "percent_covered_display": "86", "missing_lines": 1, "excluded_lines": 0}, "missing_lines": [310], "excluded_lines": []}, "DependencyResolver.can_deploy_stack": {"executed_lines": [328, 329, 331, 332], "summary": {"covered_lines": 4, "num_statements": 4, "percent_covered": 100.0, "percent_covered_display": "100", "missing_lines": 0, "excluded_lines": 0}, "missing_lines": [], "excluded_lines": []}, "DependencyResolver.get_stack_count": {"executed_lines": [336], "summary": {"covered_lines": 1, "num_statements": 1, "percent_covered": 100.0, "percent_covered_display": "100", "missing_lines": 0, "excluded_lines": 0}, "missing_lines": [], "excluded_lines": []}, "DependencyResolver.get_stack_names": {"executed_lines": [340], "summary": {"covered_lines": 1, "num_statements": 1, "percent_covered": 100.0, "percent_covered_display": "100", "missing_lines": 0, "excluded_lines": 0}, "missing_lines": [], "excluded_lines": []}, "DependencyResolver.build_dependency_graph": {"executed_lines": [354, 355, 358, 359, 360, 361], "summary": {"covered_lines": 6, "num_statements": 6, "percent_covered": 100.0, "percent_covered_display": "100", "missing_lines": 0, "excluded_lines": 0}, "missing_lines": [], "excluded_lines": []}, "DependencyResolver.has_cycles": {"executed_lines": [373, 374, 375, 376], "summary": {"covered_lines": 4, "num_statements": 4, "percent_covered": 100.0, "percent_covered_display": "100", "missing_lines": 0, "excluded_lines": 0}, "missing_lines": [], "excluded_lines": []}, "DependencyResolver.get_all_dependencies": {"executed_lines": [389, 390, 391, 392], "summary": {"covered_lines": 4, "num_statements": 4, "percent_covered": 100.0, "percent_covered_display": "100", "missing_lines": 0, "excluded_lines": 0}, "missing_lines": [], "excluded_lines": []}, "": {"executed_lines": [1, 8, 9, 12, 13, 14, 16, 17, 18, 19, 20, 23, 24, 26, 32, 33, 35, 40, 98, 119, 157, 203, 230, 257, 274, 287, 304, 317, 334, 338, 344, 363, 378], "summary": {"covered_lines": 29, "num_statements": 29, "percent_covered": 100.0, "percent_covered_display": "100", "missing_lines": 0, "excluded_lines": 0}, "missing_lines": [], "excluded_lines": []}}, "classes": {"DependencyNode": {"executed_lines": [], "summary": {"covered_lines": 0, "num_statements": 0, "percent_covered": 100.0, "percent_covered_display": "100", "missing_lines": 0, "excluded_lines": 0}, "missing_lines": [], "excluded_lines": []}, "CircularDependencyError": {"executed_lines": [27, 28, 29], "summary": {"covered_lines": 3, "num_statements": 3, "percent_covered": 100.0, "percent_covered_display": "100", "missing_lines": 0, "excluded_lines": 0}, "missing_lines": [], "excluded_lines": []}, "DependencyResolver": {"executed_lines": [37, 38, 57, 59, 60, 63, 64, 67, 70, 72, 73, 75, 76, 81, 82, 83, 84, 88, 91, 92, 93, 94, 95, 96, 105, 108, 109, 110, 113, 114, 115, 117, 130, 132, 134, 135, 136, 137, 139, 140, 143, 144, 147, 148, 151, 152, 153, 155, 168, 169, 171, 174, 175, 178, 179, 182, 186, 188, 189, 192, 193, 194, 195, 198, 201, 215, 217, 218, 219, 220, 222, 225, 226, 227, 228, 242, 244, 245, 246, 247, 249, 252, 253, 254, 255, 267, 268, 270, 271, 272, 278, 279, 282, 283, 284, 285, 297, 298, 300, 301, 302, 308, 309, 312, 313, 314, 315, 328, 329, 331, 332, 336, 340, 354, 355, 358, 359, 360, 361, 373, 374, 375, 376, 389, 390, 391, 392], "summary": {"covered_lines": 127, "num_statements": 132, "percent_covered": 96.21212121212122, "percent_covered_display": "96", "missing_lines": 5, "excluded_lines": 0}, "missing_lines": [199, 221, 248, 280, 310], "excluded_lines": []}, "": {"executed_lines": [1, 8, 9, 12, 13, 14, 16, 17, 18, 19, 20, 23, 24, 26, 32, 33, 35, 40, 98, 119, 157, 203, 230, 257, 274, 287, 304, 317, 334, 338, 344, 363, 378], "summary": {"covered_lines": 29, "num_statements": 29, "percent_covered": 100.0, "percent_covered_display": "100", "missing_lines": 0, "excluded_lines": 0}, "missing_lines": [], "excluded_lines": []}}}, "cloud_core\\orchestrator\\execution_engine.py": {"executed_lines": [1, 8, 9, 10, 11, 12, 15, 16, 18, 19, 20, 21, 22, 23, 26, 27, 28, 30, 31, 32, 33, 34, 35, 36, 38, 40, 41, 45, 46, 47, 49, 50, 51, 52, 53, 54, 55, 56, 59, 60, 62, 80, 81, 82, 83, 84, 86, 87, 89, 107, 108, 111, 112, 113, 117, 118, 119, 122, 124, 126, 127, 128, 131, 132, 135, 140, 141, 143, 144, 145, 147, 148, 151, 156, 159, 163, 174, 176, 194, 196, 197, 198, 201, 202, 205, 206, 207, 212, 213, 215, 217, 230, 231, 232, 235, 236, 238, 240, 242, 244, 245, 247, 248, 251, 252, 254, 256, 257, 258, 259, 262, 265, 267, 269, 270, 271, 274, 281, 284, 285, 286, 288, 290, 304, 306, 312, 314], "summary": {"covered_lines": 122, "num_statements": 130, "percent_covered": 93.84615384615384, "percent_covered_display": "94", "missing_lines": 8, "excluded_lines": 0}, "missing_lines": [42, 208, 209, 210, 211, 263, 272, 282], "excluded_lines": [], "functions": {"StackExecution.duration_seconds": {"executed_lines": [40, 41], "summary": {"covered_lines": 2, "num_statements": 3, "percent_covered": 66.66666666666667, "percent_covered_display": "67", "missing_lines": 1, "excluded_lines": 0}, "missing_lines": [42], "excluded_lines": []}, "ExecutionEngine.__init__": {"executed_lines": [80, 81, 82, 83, 84, 86, 87], "summary": {"covered_lines": 7, "num_statements": 7, "percent_covered": 100.0, "percent_covered_display": "100", "missing_lines": 0, "excluded_lines": 0}, "missing_lines": [], "excluded_lines": []}, "ExecutionEngine.execute_layers": {"executed_lines": [107, 108, 111, 112, 113, 117, 118, 119, 122, 124, 126, 127, 128, 131, 132, 135, 140, 141, 143, 144, 145, 147, 148, 151, 156, 159, 163, 174], "summary": {"covered_lines": 28, "num_statements": 28, "percent_covered": 100.0, "percent_covered_display": "100", "missing_lines": 0, "excluded_lines": 0}, "missing_lines": [], "excluded_lines": []}, "ExecutionEngine._execute_layer": {"executed_lines": [194, 196, 201, 202, 205, 206, 207, 212, 213, 215], "summary": {"covered_lines": 10, "num_statements": 14, "percent_covered": 71.42857142857143, "percent_covered_display": "71", "missing_lines": 4, "excluded_lines": 0}, "missing_lines": [208, 209, 210, 211], "excluded_lines": []}, "ExecutionEngine._execute_layer.execute_with_semaphore": {"executed_lines": [197, 198], "summary": {"covered_lines": 2, "num_statements": 2, "percent_covered": 100.0, "percent_covered_display": "100", "missing_lines": 0, "excluded_lines": 0}, "missing_lines": [], "excluded_lines": []}, "ExecutionEngine._execute_stack": {"executed_lines": [230, 231, 232, 235, 236, 238, 240, 242, 244, 245, 247, 248, 251, 252, 254, 256, 257, 258, 259, 262, 265], "summary": {"covered_lines": 21, "num_statements": 22, "percent_covered": 95.45454545454545, "percent_covered_display": "95", "missing_lines": 1, "excluded_lines": 0}, "missing_lines": [263], "excluded_lines": []}, "ExecutionEngine._get_first_error": {"executed_lines": [269, 270, 271], "summary": {"covered_lines": 3, "num_statements": 4, "percent_covered": 75.0, "percent_covered_display": "75", "missing_lines": 1, "excluded_lines": 0}, "missing_lines": [272], "excluded_lines": []}, "ExecutionEngine.get_execution_summary": {"executed_lines": [281, 284, 285, 286, 288, 290], "summary": {"covered_lines": 6, "num_statements": 7, "percent_covered": 85.71428571428571, "percent_covered_display": "86", "missing_lines": 1, "excluded_lines": 0}, "missing_lines": [282], "excluded_lines": []}, "ExecutionEngine.get_failed_stacks": {"executed_lines": [306], "summary": {"covered_lines": 1, "num_statements": 1, "percent_covered": 100.0, "percent_covered_display": "100", "missing_lines": 0, "excluded_lines": 0}, "missing_lines": [], "excluded_lines": []}, "ExecutionEngine.get_successful_stacks": {"executed_lines": [314], "summary": {"covered_lines": 1, "num_statements": 1, "percent_covered": 100.0, "percent_covered_display": "100", "missing_lines": 0, "excluded_lines": 0}, "missing_lines": [], "excluded_lines": []}, "": {"executed_lines": [1, 8, 9, 10, 11, 12, 15, 16, 18, 19, 20, 21, 22, 23, 26, 27, 28, 30, 31, 32, 33, 34, 35, 36, 38, 45, 46, 47, 49, 50, 51, 52, 53, 54, 55, 56, 59, 60, 62, 89, 176, 217, 267, 274, 304, 312], "summary": {"covered_lines": 41, "num_statements": 41, "percent_covered": 100.0, "percent_covered_display": "100", "missing_lines": 0, "excluded_lines": 0}, "missing_lines": [], "excluded_lines": []}}, "classes": {"StackStatus": {"executed_lines": [], "summary": {"covered_lines": 0, "num_statements": 0, "percent_covered": 100.0, "percent_covered_display": "100", "missing_lines": 0, "excluded_lines": 0}, "missing_lines": [], "excluded_lines": []}, "StackExecution": {"executed_lines": [40, 41], "summary": {"covered_lines": 2, "num_statements": 3, "percent_covered": 66.66666666666667, "percent_covered_display": "67", "missing_lines": 1, "excluded_lines": 0}, "missing_lines": [42], "excluded_lines": []}, "ExecutionResult": {"executed_lines": [], "summary": {"covered_lines": 0, "num_statements": 0, "percent_covered": 100.0, "percent_covered_display": "100", "missing_lines": 0, "excluded_lines": 0}, "missing_lines": [], "excluded_lines": []}, "ExecutionEngine": {"executed_lines": [80, 81, 82, 83, 84, 86, 87, 107, 108, 111, 112, 113, 117, 118, 119, 122, 124, 126, 127, 128, 131, 132, 135, 140, 141, 143, 144, 145, 147, 148, 151, 156, 159, 163, 174, 194, 196, 197, 198, 201, 202, 205, 206, 207, 212, 213, 215, 230, 231, 232, 235, 236, 238, 240, 242, 244, 245, 247, 248, 251, 252, 254, 256, 257, 258, 259, 262, 265, 269, 270, 271, 281, 284, 285, 286, 288, 290, 306, 314], "summary": {"covered_lines": 79, "num_statements": 86, "percent_covered": 91.86046511627907, "percent_covered_display": "92", "missing_lines": 7, "excluded_lines": 0}, "missing_lines": [208, 209, 210, 211, 263, 272, 282], "excluded_lines": []}, "": {"executed_lines": [1, 8, 9, 10, 11, 12, 15, 16, 18, 19, 20, 21, 22, 23, 26, 27, 28, 30, 31, 32, 33, 34, 35, 36, 38, 45, 46, 47, 49, 50, 51, 52, 53, 54, 55, 56, 59, 60, 62, 89, 176, 217, 267, 274, 304, 312], "summary": {"covered_lines": 41, "num_statements": 41, "percent_covered": 100.0, "percent_covered_display": "100", "missing_lines": 0, "excluded_lines": 0}, "missing_lines": [], "excluded_lines": []}}}, "cloud_core\\orchestrator\\layer_calculator.py": {"executed_lines": [1, 8, 9, 12, 13, 15, 22, 23, 25, 45, 48, 50, 51, 52, 54, 55, 58, 60, 61, 64, 66, 67, 70, 71, 72, 75, 78, 79, 82, 83, 88, 89, 91, 93, 100, 102, 104, 106, 116, 117, 118, 119, 121, 131, 132, 133, 135, 142, 143, 144, 146, 158, 160, 162, 163, 166, 167, 168, 171, 173, 174, 175, 178, 179, 183, 186, 188, 190, 197, 198, 206, 207, 209, 218, 225, 226, 228, 229, 230, 232, 233, 234, 235, 236, 238], "summary": {"covered_lines": 83, "num_statements": 83, "percent_covered": 100.0, "percent_covered_display": "100", "missing_lines": 0, "excluded_lines": 0}, "missing_lines": [], "excluded_lines": [], "functions": {"LayerCalculator.__init__": {"executed_lines": [22, 23], "summary": {"covered_lines": 2, "num_statements": 2, "percent_covered": 100.0, "percent_covered_display": "100", "missing_lines": 0, "excluded_lines": 0}, "missing_lines": [], "excluded_lines": []}, "LayerCalculator.calculate_layers": {"executed_lines": [45, 48, 50, 52, 54, 55, 58, 60, 61, 64, 66, 67, 70, 71, 72, 75, 78, 79, 82, 83, 88, 89, 91], "summary": {"covered_lines": 23, "num_statements": 23, "percent_covered": 100.0, "percent_covered_display": "100", "missing_lines": 0, "excluded_lines": 0}, "missing_lines": [], "excluded_lines": []}, "LayerCalculator.calculate_layers.get_deps": {"executed_lines": [51], "summary": {"covered_lines": 1, "num_statements": 1, "percent_covered": 100.0, "percent_covered_display": "100", "missing_lines": 0, "excluded_lines": 0}, "missing_lines": [], "excluded_lines": []}, "LayerCalculator.get_layers": {"executed_lines": [100], "summary": {"covered_lines": 1, "num_statements": 1, "percent_covered": 100.0, "percent_covered_display": "100", "missing_lines": 0, "excluded_lines": 0}, "missing_lines": [], "excluded_lines": []}, "LayerCalculator.get_layer_count": {"executed_lines": [104], "summary": {"covered_lines": 1, "num_statements": 1, "percent_covered": 100.0, "percent_covered_display": "100", "missing_lines": 0, "excluded_lines": 0}, "missing_lines": [], "excluded_lines": []}, "LayerCalculator.get_layer_for_stack": {"executed_lines": [116, 117, 118, 119], "summary": {"covered_lines": 4, "num_statements": 4, "percent_covered": 100.0, "percent_covered_display": "100", "missing_lines": 0, "excluded_lines": 0}, "missing_lines": [], "excluded_lines": []}, "LayerCalculator.get_stacks_in_layer": {"executed_lines": [131, 132, 133], "summary": {"covered_lines": 3, "num_statements": 3, "percent_covered": 100.0, "percent_covered_display": "100", "missing_lines": 0, "excluded_lines": 0}, "missing_lines": [], "excluded_lines": []}, "LayerCalculator.get_max_parallelism": {"executed_lines": [142, 143, 144], "summary": {"covered_lines": 3, "num_statements": 3, "percent_covered": 100.0, "percent_covered_display": "100", "missing_lines": 0, "excluded_lines": 0}, "missing_lines": [], "excluded_lines": []}, "LayerCalculator.validate_layers_against_manifest": {"executed_lines": [158, 160, 162, 163, 166, 167, 168, 171, 173, 174, 175, 178, 179, 183, 186, 188], "summary": {"covered_lines": 16, "num_statements": 16, "percent_covered": 100.0, "percent_covered_display": "100", "missing_lines": 0, "excluded_lines": 0}, "missing_lines": [], "excluded_lines": []}, "LayerCalculator.get_layer_statistics": {"executed_lines": [197, 198, 206, 207, 209], "summary": {"covered_lines": 5, "num_statements": 5, "percent_covered": 100.0, "percent_covered_display": "100", "missing_lines": 0, "excluded_lines": 0}, "missing_lines": [], "excluded_lines": []}, "LayerCalculator.print_layers": {"executed_lines": [225, 226, 228, 229, 230, 232, 233, 234, 235, 236, 238], "summary": {"covered_lines": 11, "num_statements": 11, "percent_covered": 100.0, "percent_covered_display": "100", "missing_lines": 0, "excluded_lines": 0}, "missing_lines": [], "excluded_lines": []}, "": {"executed_lines": [1, 8, 9, 12, 13, 15, 25, 93, 102, 106, 121, 135, 146, 190, 218], "summary": {"covered_lines": 13, "num_statements": 13, "percent_covered": 100.0, "percent_covered_display": "100", "missing_lines": 0, "excluded_lines": 0}, "missing_lines": [], "excluded_lines": []}}, "classes": {"LayerCalculator": {"executed_lines": [22, 23, 45, 48, 50, 51, 52, 54, 55, 58, 60, 61, 64, 66, 67, 70, 71, 72, 75, 78, 79, 82, 83, 88, 89, 91, 100, 104, 116, 117, 118, 119, 131, 132, 133, 142, 143, 144, 158, 160, 162, 163, 166, 167, 168, 171, 173, 174, 175, 178, 179, 183, 186, 188, 197, 198, 206, 207, 209, 225, 226, 228, 229, 230, 232, 233, 234, 235, 236, 238], "summary": {"covered_lines": 70, "num_statements": 70, "percent_covered": 100.0, "percent_covered_display": "100", "missing_lines": 0, "excluded_lines": 0}, "missing_lines": [], "excluded_lines": []}, "": {"executed_lines": [1, 8, 9, 12, 13, 15, 25, 93, 102, 106, 121, 135, 146, 190, 218], "summary": {"covered_lines": 13, "num_statements": 13, "percent_covered": 100.0, "percent_covered_display": "100", "missing_lines": 0, "excluded_lines": 0}, "missing_lines": [], "excluded_lines": []}}}, "cloud_core\\orchestrator\\orchestrator.py": {"executed_lines": [1, 8, 9, 10, 12, 13, 14, 15, 17, 20, 21, 23, 29, 30, 31, 33, 35, 37, 39, 41, 43, 46, 47, 49, 56, 57, 58, 59, 62, 63, 64, 65, 67, 85, 88, 89, 92, 93, 94, 95, 96, 99, 100, 102, 103, 109, 110, 113, 118, 120, 138, 141, 150, 155, 160, 161, 163, 165, 187, 188, 190, 191, 194, 205, 206, 207, 209, 211, 221, 222, 224, 234, 241, 243, 246, 254, 256, 257, 258, 259, 271, 273, 283, 284, 285, 286, 287, 288, 289, 290, 292, 293, 294, 295, 296, 297, 299, 300, 302, 303], "summary": {"covered_lines": 97, "num_statements": 113, "percent_covered": 85.84070796460178, "percent_covered_display": "86", "missing_lines": 16, "excluded_lines": 0}, "missing_lines": [114, 115, 116, 195, 196, 197, 199, 200, 261, 262, 263, 264, 266, 267, 268, 269], "excluded_lines": [], "functions": {"OrchestrationPlan.__init__": {"executed_lines": [29, 30, 31], "summary": {"covered_lines": 3, "num_statements": 3, "percent_covered": 100.0, "percent_covered_display": "100", "missing_lines": 0, "excluded_lines": 0}, "missing_lines": [], "excluded_lines": []}, "OrchestrationPlan.get_total_stacks": {"executed_lines": [35], "summary": {"covered_lines": 1, "num_statements": 1, "percent_covered": 100.0, "percent_covered_display": "100", "missing_lines": 0, "excluded_lines": 0}, "missing_lines": [], "excluded_lines": []}, "OrchestrationPlan.get_layer_count": {"executed_lines": [39], "summary": {"covered_lines": 1, "num_statements": 1, "percent_covered": 100.0, "percent_covered_display": "100", "missing_lines": 0, "excluded_lines": 0}, "missing_lines": [], "excluded_lines": []}, "OrchestrationPlan.get_max_parallelism": {"executed_lines": [43], "summary": {"covered_lines": 1, "num_statements": 1, "percent_covered": 100.0, "percent_covered_display": "100", "missing_lines": 0, "excluded_lines": 0}, "missing_lines": [], "excluded_lines": []}, "Orchestrator.__init__": {"executed_lines": [56, 57, 58, 59, 62, 63, 64, 65], "summary": {"covered_lines": 8, "num_statements": 8, "percent_covered": 100.0, "percent_covered_display": "100", "missing_lines": 0, "excluded_lines": 0}, "missing_lines": [], "excluded_lines": []}, "Orchestrator.create_plan": {"executed_lines": [85, 88, 89, 92, 93, 94, 95, 96, 99, 100, 102, 103, 109, 110, 113, 118], "summary": {"covered_lines": 16, "num_statements": 19, "percent_covered": 84.21052631578948, "percent_covered_display": "84", "missing_lines": 3, "excluded_lines": 0}, "missing_lines": [114, 115, 116], "excluded_lines": []}, "Orchestrator.execute_plan": {"executed_lines": [138, 141, 150, 155, 160, 161, 163], "summary": {"covered_lines": 7, "num_statements": 7, "percent_covered": 100.0, "percent_covered_display": "100", "missing_lines": 0, "excluded_lines": 0}, "missing_lines": [], "excluded_lines": []}, "Orchestrator.execute_single_stack": {"executed_lines": [187, 188, 190, 191, 194, 205, 209], "summary": {"covered_lines": 7, "num_statements": 12, "percent_covered": 58.333333333333336, "percent_covered_display": "58", "missing_lines": 5, "excluded_lines": 0}, "missing_lines": [195, 196, 197, 199, 200], "excluded_lines": []}, "Orchestrator.execute_single_stack.execute": {"executed_lines": [206, 207], "summary": {"covered_lines": 2, "num_statements": 2, "percent_covered": 100.0, "percent_covered_display": "100", "missing_lines": 0, "excluded_lines": 0}, "missing_lines": [], "excluded_lines": []}, "Orchestrator.get_destroy_order": {"executed_lines": [221, 222], "summary": {"covered_lines": 2, "num_statements": 2, "percent_covered": 100.0, "percent_covered_display": "100", "missing_lines": 0, "excluded_lines": 0}, "missing_lines": [], "excluded_lines": []}, "Orchestrator.validate_deployment": {"executed_lines": [234, 241, 243, 246, 254, 256, 257, 258, 259, 271], "summary": {"covered_lines": 10, "num_statements": 18, "percent_covered": 55.55555555555556, "percent_covered_display": "56", "missing_lines": 8, "excluded_lines": 0}, "missing_lines": [261, 262, 263, 264, 266, 267, 268, 269], "excluded_lines": []}, "Orchestrator.print_plan": {"executed_lines": [283, 284, 285, 286, 287, 288, 289, 290, 292, 293, 294, 295, 296, 297, 299, 300, 302, 303], "summary": {"covered_lines": 18, "num_statements": 18, "percent_covered": 100.0, "percent_covered_display": "100", "missing_lines": 0, "excluded_lines": 0}, "missing_lines": [], "excluded_lines": []}, "": {"executed_lines": [1, 8, 9, 10, 12, 13, 14, 15, 17, 20, 21, 23, 33, 37, 41, 46, 47, 49, 67, 120, 165, 211, 224, 273], "summary": {"covered_lines": 21, "num_statements": 21, "percent_covered": 100.0, "percent_covered_display": "100", "missing_lines": 0, "excluded_lines": 0}, "missing_lines": [], "excluded_lines": []}}, "classes": {"OrchestrationPlan": {"executed_lines": [29, 30, 31, 35, 39, 43], "summary": {"covered_lines": 6, "num_statements": 6, "percent_covered": 100.0, "percent_covered_display": "100", "missing_lines": 0, "excluded_lines": 0}, "missing_lines": [], "excluded_lines": []}, "Orchestrator": {"executed_lines": [56, 57, 58, 59, 62, 63, 64, 65, 85, 88, 89, 92, 93, 94, 95, 96, 99, 100, 102, 103, 109, 110, 113, 118, 138, 141, 150, 155, 160, 161, 163, 187, 188, 190, 191, 194, 205, 206, 207, 209, 221, 222, 234, 241, 243, 246, 254, 256, 257, 258, 259, 271, 283, 284, 285, 286, 287, 288, 289, 290, 292, 293, 294, 295, 296, 297, 299, 300, 302, 303], "summary": {"covered_lines": 70, "num_statements": 86, "percent_covered": 81.3953488372093, "percent_covered_display": "81", "missing_lines": 16, "excluded_lines": 0}, "missing_lines": [114, 115, 116, 195, 196, 197, 199, 200, 261, 262, 263, 264, 266, 267, 268, 269], "excluded_lines": []}, "": {"executed_lines": [1, 8, 9, 10, 12, 13, 14, 15, 17, 20, 21, 23, 33, 37, 41, 46, 47, 49, 67, 120, 165, 211, 224, 273], "summary": {"covered_lines": 21, "num_statements": 21, "percent_covered": 100.0, "percent_covered_display": "100", "missing_lines": 0, "excluded_lines": 0}, "missing_lines": [], "excluded_lines": []}}}, "cloud_core\\pulumi\\__init__.py": {"executed_lines": [1, 3, 4, 5, 7], "summary": {"covered_lines": 4, "num_statements": 4, "percent_covered": 100.0, "percent_covered_display": "100", "missing_lines": 0, "excluded_lines": 0}, "missing_lines": [], "excluded_lines": [], "functions": {"": {"executed_lines": [1, 3, 4, 5, 7], "summary": {"covered_lines": 4, "num_statements": 4, "percent_covered": 100.0, "percent_covered_display": "100", "missing_lines": 0, "excluded_lines": 0}, "missing_lines": [], "excluded_lines": []}}, "classes": {"": {"executed_lines": [1, 3, 4, 5, 7], "summary": {"covered_lines": 4, "num_statements": 4, "percent_covered": 100.0, "percent_covered_display": "100", "missing_lines": 0, "excluded_lines": 0}, "missing_lines": [], "excluded_lines": []}}}, "cloud_core\\pulumi\\pulumi_wrapper.py": {"executed_lines": [1, 8, 9, 10, 11, 12, 14, 17, 18, 20, 23, 24, 26, 40, 41, 42, 44, 64, 66, 68, 69, 77, 78, 79, 81, 83, 85, 86, 88, 106, 120, 122, 123, 125, 126, 130, 136, 141, 146, 161, 162, 165, 166, 168, 181, 194, 196, 197, 204, 206, 207, 208, 210, 226, 228, 229, 230, 232, 233, 235, 241, 257, 259, 260, 261, 263, 264, 266, 272, 299, 312, 313, 325, 331, 352, 359, 360, 365], "summary": {"covered_lines": 75, "num_statements": 112, "percent_covered": 66.96428571428571, "percent_covered_display": "67", "missing_lines": 37, "excluded_lines": 0}, "missing_lines": [84, 98, 99, 102, 103, 104, 131, 133, 143, 144, 163, 178, 179, 237, 238, 239, 268, 269, 270, 285, 287, 288, 293, 295, 296, 297, 327, 328, 329, 341, 342, 346, 348, 349, 350, 366, 367], "excluded_lines": [], "functions": {"PulumiWrapper.__init__": {"executed_lines": [40, 41, 42], "summary": {"covered_lines": 3, "num_statements": 3, "percent_covered": 100.0, "percent_covered_display": "100", "missing_lines": 0, "excluded_lines": 0}, "missing_lines": [], "excluded_lines": []}, "PulumiWrapper._run_command": {"executed_lines": [64, 66, 68, 69, 77, 78, 79, 81, 83, 85, 86], "summary": {"covered_lines": 11, "num_statements": 12, "percent_covered": 91.66666666666667, "percent_covered_display": "92", "missing_lines": 1, "excluded_lines": 0}, "missing_lines": [84], "excluded_lines": []}, "PulumiWrapper.stack_exists": {"executed_lines": [], "summary": {"covered_lines": 0, "num_statements": 5, "percent_covered": 0.0, "percent_covered_display": "0", "missing_lines": 5, "excluded_lines": 0}, "missing_lines": [98, 99, 102, 103, 104], "excluded_lines": []}, "PulumiWrapper.select_stack": {"executed_lines": [120, 122, 123, 125, 126, 130, 136, 141], "summary": {"covered_lines": 8, "num_statements": 12, "percent_covered": 66.66666666666667, "percent_covered_display": "67", "missing_lines": 4, "excluded_lines": 0}, "missing_lines": [131, 133, 143, 144], "excluded_lines": []}, "PulumiWrapper.set_config": {"executed_lines": [161, 162, 165, 166], "summary": {"covered_lines": 4, "num_statements": 5, "percent_covered": 80.0, "percent_covered_display": "80", "missing_lines": 1, "excluded_lines": 0}, "missing_lines": [163], "excluded_lines": []}, "PulumiWrapper.set_all_config": {"executed_lines": [], "summary": {"covered_lines": 0, "num_statements": 2, "percent_covered": 0.0, "percent_covered_display": "0", "missing_lines": 2, "excluded_lines": 0}, "missing_lines": [178, 179], "excluded_lines": []}, "PulumiWrapper.preview": {"executed_lines": [194, 196, 197, 204, 206, 207, 208], "summary": {"covered_lines": 7, "num_statements": 7, "percent_covered": 100.0, "percent_covered_display": "100", "missing_lines": 0, "excluded_lines": 0}, "missing_lines": [], "excluded_lines": []}, "PulumiWrapper.up": {"executed_lines": [226, 228, 229, 230, 232, 233, 235], "summary": {"covered_lines": 7, "num_statements": 10, "percent_covered": 70.0, "percent_covered_display": "70", "missing_lines": 3, "excluded_lines": 0}, "missing_lines": [237, 238, 239], "excluded_lines": []}, "PulumiWrapper.destroy": {"executed_lines": [257, 259, 260, 261, 263, 264, 266], "summary": {"covered_lines": 7, "num_statements": 10, "percent_covered": 70.0, "percent_covered_display": "70", "missing_lines": 3, "excluded_lines": 0}, "missing_lines": [268, 269, 270], "excluded_lines": []}, "PulumiWrapper.refresh": {"executed_lines": [], "summary": {"covered_lines": 0, "num_statements": 7, "percent_covered": 0.0, "percent_covered_display": "0", "missing_lines": 7, "excluded_lines": 0}, "missing_lines": [285, 287, 288, 293, 295, 296, 297], "excluded_lines": []}, "PulumiWrapper.get_stack_output": {"executed_lines": [312, 313, 325], "summary": {"covered_lines": 3, "num_statements": 6, "percent_covered": 50.0, "percent_covered_display": "50", "missing_lines": 3, "excluded_lines": 0}, "missing_lines": [327, 328, 329], "excluded_lines": []}, "PulumiWrapper.get_all_stack_outputs": {"executed_lines": [], "summary": {"covered_lines": 0, "num_statements": 6, "percent_covered": 0.0, "percent_covered_display": "0", "missing_lines": 6, "excluded_lines": 0}, "missing_lines": [341, 342, 346, 348, 349, 350], "excluded_lines": []}, "PulumiWrapper.check_pulumi_available": {"executed_lines": [359, 360, 365], "summary": {"covered_lines": 3, "num_statements": 5, "percent_covered": 60.0, "percent_covered_display": "60", "missing_lines": 2, "excluded_lines": 0}, "missing_lines": [366, 367], "excluded_lines": []}, "": {"executed_lines": [1, 8, 9, 10, 11, 12, 14, 17, 18, 20, 23, 24, 26, 44, 88, 106, 146, 168, 181, 210, 241, 272, 299, 331, 352], "summary": {"covered_lines": 22, "num_statements": 22, "percent_covered": 100.0, "percent_covered_display": "100", "missing_lines": 0, "excluded_lines": 0}, "missing_lines": [], "excluded_lines": []}}, "classes": {"PulumiError": {"executed_lines": [], "summary": {"covered_lines": 0, "num_statements": 0, "percent_covered": 100.0, "percent_covered_display": "100", "missing_lines": 0, "excluded_lines": 0}, "missing_lines": [], "excluded_lines": []}, "PulumiWrapper": {"executed_lines": [40, 41, 42, 64, 66, 68, 69, 77, 78, 79, 81, 83, 85, 86, 120, 122, 123, 125, 126, 130, 136, 141, 161, 162, 165, 166, 194, 196, 197, 204, 206, 207, 208, 226, 228, 229, 230, 232, 233, 235, 257, 259, 260, 261, 263, 264, 266, 312, 313, 325, 359, 360, 365], "summary": {"covered_lines": 53, "num_statements": 90, "percent_covered": 58.888888888888886, "percent_covered_display": "59", "missing_lines": 37, "excluded_lines": 0}, "missing_lines": [84, 98, 99, 102, 103, 104, 131, 133, 143, 144, 163, 178, 179, 237, 238, 239, 268, 269, 270, 285, 287, 288, 293, 295, 296, 297, 327, 328, 329, 341, 342, 346, 348, 349, 350, 366, 367], "excluded_lines": []}, "": {"executed_lines": [1, 8, 9, 10, 11, 12, 14, 17, 18, 20, 23, 24, 26, 44, 88, 106, 146, 168, 181, 210, 241, 272, 299, 331, 352], "summary": {"covered_lines": 22, "num_statements": 22, "percent_covered": 100.0, "percent_covered_display": "100", "missing_lines": 0, "excluded_lines": 0}, "missing_lines": [], "excluded_lines": []}}}, "cloud_core\\pulumi\\stack_operations.py": {"executed_lines": [1, 7, 8, 9, 10, 12, 15, 16, 18, 25, 27, 51, 53, 55, 58, 60, 62, 63, 66, 67, 69, 70, 71, 73, 92, 94, 96, 99, 100, 102, 103, 104, 106, 125, 127, 128, 129, 130, 132, 133, 134], "summary": {"covered_lines": 39, "num_statements": 39, "percent_covered": 100.0, "percent_covered_display": "100", "missing_lines": 0, "excluded_lines": 0}, "missing_lines": [], "excluded_lines": [], "functions": {"StackOperations.__init__": {"executed_lines": [25], "summary": {"covered_lines": 1, "num_statements": 1, "percent_covered": 100.0, "percent_covered_display": "100", "missing_lines": 0, "excluded_lines": 0}, "missing_lines": [], "excluded_lines": []}, "StackOperations.deploy_stack": {"executed_lines": [51, 53, 55, 58, 60, 62, 63, 66, 67, 69, 70, 71], "summary": {"covered_lines": 12, "num_statements": 12, "percent_covered": 100.0, "percent_covered_display": "100", "missing_lines": 0, "excluded_lines": 0}, "missing_lines": [], "excluded_lines": []}, "StackOperations.destroy_stack": {"executed_lines": [92, 94, 96, 99, 100, 102, 103, 104], "summary": {"covered_lines": 8, "num_statements": 8, "percent_covered": 100.0, "percent_covered_display": "100", "missing_lines": 0, "excluded_lines": 0}, "missing_lines": [], "excluded_lines": []}, "StackOperations.refresh_stack": {"executed_lines": [125, 127, 128, 129, 130, 132, 133, 134], "summary": {"covered_lines": 8, "num_statements": 8, "percent_covered": 100.0, "percent_covered_display": "100", "missing_lines": 0, "excluded_lines": 0}, "missing_lines": [], "excluded_lines": []}, "": {"executed_lines": [1, 7, 8, 9, 10, 12, 15, 16, 18, 27, 73, 106], "summary": {"covered_lines": 10, "num_statements": 10, "percent_covered": 100.0, "percent_covered_display": "100", "missing_lines": 0, "excluded_lines": 0}, "missing_lines": [], "excluded_lines": []}}, "classes": {"StackOperations": {"executed_lines": [25, 51, 53, 55, 58, 60, 62, 63, 66, 67, 69, 70, 71, 92, 94, 96, 99, 100, 102, 103, 104, 125, 127, 128, 129, 130, 132, 133, 134], "summary": {"covered_lines": 29, "num_statements": 29, "percent_covered": 100.0, "percent_covered_display": "100", "missing_lines": 0, "excluded_lines": 0}, "missing_lines": [], "excluded_lines": []}, "": {"executed_lines": [1, 7, 8, 9, 10, 12, 15, 16, 18, 27, 73, 106], "summary": {"covered_lines": 10, "num_statements": 10, "percent_covered": 100.0, "percent_covered_display": "100", "missing_lines": 0, "excluded_lines": 0}, "missing_lines": [], "excluded_lines": []}}}, "cloud_core\\pulumi\\state_queries.py": {"executed_lines": [1, 7, 8, 9, 11, 14, 15, 17, 24, 26, 41, 46, 48, 62, 67], "summary": {"covered_lines": 13, "num_statements": 13, "percent_covered": 100.0, "percent_covered_display": "100", "missing_lines": 0, "excluded_lines": 0}, "missing_lines": [], "excluded_lines": [], "functions": {"StateQueries.__init__": {"executed_lines": [24], "summary": {"covered_lines": 1, "num_statements": 1, "percent_covered": 100.0, "percent_covered_display": "100", "missing_lines": 0, "excluded_lines": 0}, "missing_lines": [], "excluded_lines": []}, "StateQueries.get_output": {"executed_lines": [41, 46], "summary": {"covered_lines": 2, "num_statements": 2, "percent_covered": 100.0, "percent_covered_display": "100", "missing_lines": 0, "excluded_lines": 0}, "missing_lines": [], "excluded_lines": []}, "StateQueries.get_all_outputs": {"executed_lines": [62, 67], "summary": {"covered_lines": 2, "num_statements": 2, "percent_covered": 100.0, "percent_covered_display": "100", "missing_lines": 0, "excluded_lines": 0}, "missing_lines": [], "excluded_lines": []}, "": {"executed_lines": [1, 7, 8, 9, 11, 14, 15, 17, 26, 48], "summary": {"covered_lines": 8, "num_statements": 8, "percent_covered": 100.0, "percent_covered_display": "100", "missing_lines": 0, "excluded_lines": 0}, "missing_lines": [], "excluded_lines": []}}, "classes": {"StateQueries": {"executed_lines": [24, 41, 46, 62, 67], "summary": {"covered_lines": 5, "num_statements": 5, "percent_covered": 100.0, "percent_covered_display": "100", "missing_lines": 0, "excluded_lines": 0}, "missing_lines": [], "excluded_lines": []}, "": {"executed_lines": [1, 7, 8, 9, 11, 14, 15, 17, 26, 48], "summary": {"covered_lines": 8, "num_statements": 8, "percent_covered": 100.0, "percent_covered_display": "100", "missing_lines": 0, "excluded_lines": 0}, "missing_lines": [], "excluded_lines": []}}}, "cloud_core\\runtime\\__init__.py": {"executed_lines": [1, 3, 7, 11, 13], "summary": {"covered_lines": 4, "num_statements": 4, "percent_covered": 100.0, "percent_covered_display": "100", "missing_lines": 0, "excluded_lines": 0}, "missing_lines": [], "excluded_lines": [], "functions": {"": {"executed_lines": [1, 3, 7, 11, 13], "summary": {"covered_lines": 4, "num_statements": 4, "percent_covered": 100.0, "percent_covered_display": "100", "missing_lines": 0, "excluded_lines": 0}, "missing_lines": [], "excluded_lines": []}}, "classes": {"": {"executed_lines": [1, 3, 7, 11, 13], "summary": {"covered_lines": 4, "num_statements": 4, "percent_covered": 100.0, "percent_covered_display": "100", "missing_lines": 0, "excluded_lines": 0}, "missing_lines": [], "excluded_lines": []}}}, "cloud_core\\runtime\\aws_query_resolver.py": {"executed_lines": [1, 8, 9, 10, 12, 14, 17, 18, 20, 27, 28, 31, 32, 34, 35, 37, 38, 39, 41, 42, 44, 45, 46, 48, 61, 62, 64, 65, 66, 69, 70, 72, 74, 75, 76, 78, 79, 82, 84, 85, 86, 87, 88, 89, 91, 93, 95, 96, 98, 100, 113, 114, 116, 120, 121, 122, 124, 125, 128, 129, 131, 132, 133, 135, 148, 149, 151, 152, 155, 156, 162, 175, 176, 178, 179, 181, 183, 184, 186, 193, 199, 209, 211, 218, 219, 220, 221, 222, 223, 225, 232, 234, 241], "summary": {"covered_lines": 91, "num_statements": 94, "percent_covered": 96.80851063829788, "percent_covered_display": "97", "missing_lines": 3, "excluded_lines": 0}, "missing_lines": [158, 159, 160], "excluded_lines": [], "functions": {"AWSQueryResolver.__init__": {"executed_lines": [27, 28, 31, 32], "summary": {"covered_lines": 4, "num_statements": 4, "percent_covered": 100.0, "percent_covered_display": "100", "missing_lines": 0, "excluded_lines": 0}, "missing_lines": [], "excluded_lines": []}, "AWSQueryResolver.ec2_client": {"executed_lines": [37, 38, 39], "summary": {"covered_lines": 3, "num_statements": 3, "percent_covered": 100.0, "percent_covered_display": "100", "missing_lines": 0, "excluded_lines": 0}, "missing_lines": [], "excluded_lines": []}, "AWSQueryResolver.sts_client": {"executed_lines": [44, 45, 46], "summary": {"covered_lines": 3, "num_statements": 3, "percent_covered": 100.0, "percent_covered_display": "100", "missing_lines": 0, "excluded_lines": 0}, "missing_lines": [], "excluded_lines": []}, "AWSQueryResolver.resolve": {"executed_lines": [61, 62, 64, 65, 66, 69, 70, 72, 74, 75, 76, 78, 79, 82, 84, 85, 86, 87, 88, 89, 91, 93, 95, 96, 98], "summary": {"covered_lines": 25, "num_statements": 25, "percent_covered": 100.0, "percent_covered_display": "100", "missing_lines": 0, "excluded_lines": 0}, "missing_lines": [], "excluded_lines": []}, "AWSQueryResolver._query_vpc": {"executed_lines": [113, 114, 116, 120, 121, 122, 124, 125, 128, 129, 131, 132, 133], "summary": {"covered_lines": 13, "num_statements": 13, "percent_covered": 100.0, "percent_covered_display": "100", "missing_lines": 0, "excluded_lines": 0}, "missing_lines": [], "excluded_lines": []}, "AWSQueryResolver._query_account": {"executed_lines": [148, 149, 151, 152, 155, 156], "summary": {"covered_lines": 6, "num_statements": 9, "percent_covered": 66.66666666666667, "percent_covered_display": "67", "missing_lines": 3, "excluded_lines": 0}, "missing_lines": [158, 159, 160], "excluded_lines": []}, "AWSQueryResolver._query_region": {"executed_lines": [175, 176, 178, 179], "summary": {"covered_lines": 4, "num_statements": 4, "percent_covered": 100.0, "percent_covered_display": "100", "missing_lines": 0, "excluded_lines": 0}, "missing_lines": [], "excluded_lines": []}, "AWSQueryResolver.clear_cache": {"executed_lines": [183, 184], "summary": {"covered_lines": 2, "num_statements": 2, "percent_covered": 100.0, "percent_covered_display": "100", "missing_lines": 0, "excluded_lines": 0}, "missing_lines": [], "excluded_lines": []}, "AWSQueryResolver.list_available_queries": {"executed_lines": [193], "summary": {"covered_lines": 1, "num_statements": 1, "percent_covered": 100.0, "percent_covered_display": "100", "missing_lines": 0, "excluded_lines": 0}, "missing_lines": [], "excluded_lines": []}, "AWSQueryResolver.is_aws_query": {"executed_lines": [209], "summary": {"covered_lines": 1, "num_statements": 1, "percent_covered": 100.0, "percent_covered_display": "100", "missing_lines": 0, "excluded_lines": 0}, "missing_lines": [], "excluded_lines": []}, "AWSQueryResolver.test_aws_credentials": {"executed_lines": [218, 219, 220, 221, 222, 223], "summary": {"covered_lines": 6, "num_statements": 6, "percent_covered": 100.0, "percent_covered_display": "100", "missing_lines": 0, "excluded_lines": 0}, "missing_lines": [], "excluded_lines": []}, "AWSQueryResolver.get_current_account_id": {"executed_lines": [232], "summary": {"covered_lines": 1, "num_statements": 1, "percent_covered": 100.0, "percent_covered_display": "100", "missing_lines": 0, "excluded_lines": 0}, "missing_lines": [], "excluded_lines": []}, "AWSQueryResolver.get_default_vpc_id": {"executed_lines": [241], "summary": {"covered_lines": 1, "num_statements": 1, "percent_covered": 100.0, "percent_covered_display": "100", "missing_lines": 0, "excluded_lines": 0}, "missing_lines": [], "excluded_lines": []}, "": {"executed_lines": [1, 8, 9, 10, 12, 14, 17, 18, 20, 34, 35, 41, 42, 48, 100, 135, 162, 181, 186, 199, 211, 225, 234], "summary": {"covered_lines": 21, "num_statements": 21, "percent_covered": 100.0, "percent_covered_display": "100", "missing_lines": 0, "excluded_lines": 0}, "missing_lines": [], "excluded_lines": []}}, "classes": {"AWSQueryResolver": {"executed_lines": [27, 28, 31, 32, 37, 38, 39, 44, 45, 46, 61, 62, 64, 65, 66, 69, 70, 72, 74, 75, 76, 78, 79, 82, 84, 85, 86, 87, 88, 89, 91, 93, 95, 96, 98, 113, 114, 116, 120, 121, 122, 124, 125, 128, 129, 131, 132, 133, 148, 149, 151, 152, 155, 156, 175, 176, 178, 179, 183, 184, 193, 209, 218, 219, 220, 221, 222, 223, 232, 241], "summary": {"covered_lines": 70, "num_statements": 73, "percent_covered": 95.89041095890411, "percent_covered_display": "96", "missing_lines": 3, "excluded_lines": 0}, "missing_lines": [158, 159, 160], "excluded_lines": []}, "": {"executed_lines": [1, 8, 9, 10, 12, 14, 17, 18, 20, 34, 35, 41, 42, 48, 100, 135, 162, 181, 186, 199, 211, 225, 234], "summary": {"covered_lines": 21, "num_statements": 21, "percent_covered": 100.0, "percent_covered_display": "100", "missing_lines": 0, "excluded_lines": 0}, "missing_lines": [], "excluded_lines": []}}}, "cloud_core\\runtime\\placeholder_resolver.py": {"executed_lines": [1, 8, 9, 10, 12, 15, 16, 19, 21, 24, 25, 26, 28, 39, 40, 42, 55, 56, 57, 58, 59, 60, 63, 65, 79, 80, 83, 84, 85, 88, 90, 92, 93, 94, 97, 98, 101, 102, 104, 106, 110, 111, 112, 113, 115, 119, 121, 135, 136, 139, 140, 141, 142, 145, 146, 147, 148, 149, 150, 151, 152, 153, 155, 157, 168, 169, 171, 172, 173, 175, 177, 179, 189, 190, 191, 192, 193, 194, 198, 208, 210, 211, 212, 213, 214, 215, 216, 217, 219, 221, 223, 224, 226, 233, 236, 247, 250, 252, 253, 254, 257, 260, 261, 262, 263, 266, 268], "summary": {"covered_lines": 105, "num_statements": 108, "percent_covered": 97.22222222222223, "percent_covered_display": "97", "missing_lines": 3, "excluded_lines": 0}, "missing_lines": [196, 255, 264], "excluded_lines": [], "functions": {"PlaceholderResolver.__init__": {"executed_lines": [24, 25, 26], "summary": {"covered_lines": 3, "num_statements": 3, "percent_covered": 100.0, "percent_covered_display": "100", "missing_lines": 0, "excluded_lines": 0}, "missing_lines": [], "excluded_lines": []}, "PlaceholderResolver.register_resolver": {"executed_lines": [39, 40], "summary": {"covered_lines": 2, "num_statements": 2, "percent_covered": 100.0, "percent_covered_display": "100", "missing_lines": 0, "excluded_lines": 0}, "missing_lines": [], "excluded_lines": []}, "PlaceholderResolver.resolve": {"executed_lines": [55, 56, 57, 58, 59, 60, 63], "summary": {"covered_lines": 7, "num_statements": 7, "percent_covered": 100.0, "percent_covered_display": "100", "missing_lines": 0, "excluded_lines": 0}, "missing_lines": [], "excluded_lines": []}, "PlaceholderResolver._resolve_string": {"executed_lines": [79, 104], "summary": {"covered_lines": 2, "num_statements": 2, "percent_covered": 100.0, "percent_covered_display": "100", "missing_lines": 0, "excluded_lines": 0}, "missing_lines": [], "excluded_lines": []}, "PlaceholderResolver._resolve_string.replace_placeholder": {"executed_lines": [80, 83, 84, 85, 88, 90, 92, 93, 94, 97, 98, 101, 102], "summary": {"covered_lines": 13, "num_statements": 13, "percent_covered": 100.0, "percent_covered_display": "100", "missing_lines": 0, "excluded_lines": 0}, "missing_lines": [], "excluded_lines": []}, "PlaceholderResolver._resolve_dict": {"executed_lines": [110, 111, 112, 113], "summary": {"covered_lines": 4, "num_statements": 4, "percent_covered": 100.0, "percent_covered_display": "100", "missing_lines": 0, "excluded_lines": 0}, "missing_lines": [], "excluded_lines": []}, "PlaceholderResolver._resolve_list": {"executed_lines": [119], "summary": {"covered_lines": 1, "num_statements": 1, "percent_covered": 100.0, "percent_covered_display": "100", "missing_lines": 0, "excluded_lines": 0}, "missing_lines": [], "excluded_lines": []}, "PlaceholderResolver._resolve_placeholder": {"executed_lines": [135, 136, 139, 140, 141, 142, 145, 146, 147, 148, 149, 150, 151, 152, 153, 155], "summary": {"covered_lines": 16, "num_statements": 16, "percent_covered": 100.0, "percent_covered_display": "100", "missing_lines": 0, "excluded_lines": 0}, "missing_lines": [], "excluded_lines": []}, "PlaceholderResolver._get_nested_value": {"executed_lines": [168, 169, 171, 172, 173, 175, 177], "summary": {"covered_lines": 7, "num_statements": 7, "percent_covered": 100.0, "percent_covered_display": "100", "missing_lines": 0, "excluded_lines": 0}, "missing_lines": [], "excluded_lines": []}, "PlaceholderResolver.has_placeholders": {"executed_lines": [189, 190, 191, 192, 193, 194], "summary": {"covered_lines": 6, "num_statements": 7, "percent_covered": 85.71428571428571, "percent_covered_display": "86", "missing_lines": 1, "excluded_lines": 0}, "missing_lines": [196], "excluded_lines": []}, "PlaceholderResolver.get_placeholders": {"executed_lines": [208, 210, 211, 212, 213, 214, 215, 216, 217, 219], "summary": {"covered_lines": 10, "num_statements": 10, "percent_covered": 100.0, "percent_covered_display": "100", "missing_lines": 0, "excluded_lines": 0}, "missing_lines": [], "excluded_lines": []}, "PlaceholderResolver.clear_cache": {"executed_lines": [223, 224], "summary": {"covered_lines": 2, "num_statements": 2, "percent_covered": 100.0, "percent_covered_display": "100", "missing_lines": 0, "excluded_lines": 0}, "missing_lines": [], "excluded_lines": []}, "PlaceholderResolver.set_strict_mode": {"executed_lines": [233], "summary": {"covered_lines": 1, "num_statements": 1, "percent_covered": 100.0, "percent_covered_display": "100", "missing_lines": 0, "excluded_lines": 0}, "missing_lines": [], "excluded_lines": []}, "create_deployment_resolver": {"executed_lines": [247, 250, 257, 260, 266, 268], "summary": {"covered_lines": 6, "num_statements": 6, "percent_covered": 100.0, "percent_covered_display": "100", "missing_lines": 0, "excluded_lines": 0}, "missing_lines": [], "excluded_lines": []}, "create_deployment_resolver.deployment_resolver": {"executed_lines": [252, 253, 254], "summary": {"covered_lines": 3, "num_statements": 4, "percent_covered": 75.0, "percent_covered_display": "75", "missing_lines": 1, "excluded_lines": 0}, "missing_lines": [255], "excluded_lines": []}, "create_deployment_resolver.env_resolver": {"executed_lines": [261, 262, 263], "summary": {"covered_lines": 3, "num_statements": 4, "percent_covered": 75.0, "percent_covered_display": "75", "missing_lines": 1, "excluded_lines": 0}, "missing_lines": [264], "excluded_lines": []}, "": {"executed_lines": [1, 8, 9, 10, 12, 15, 16, 19, 21, 28, 42, 65, 106, 115, 121, 157, 179, 198, 221, 226, 236], "summary": {"covered_lines": 19, "num_statements": 19, "percent_covered": 100.0, "percent_covered_display": "100", "missing_lines": 0, "excluded_lines": 0}, "missing_lines": [], "excluded_lines": []}}, "classes": {"PlaceholderResolver": {"executed_lines": [24, 25, 26, 39, 40, 55, 56, 57, 58, 59, 60, 63, 79, 80, 83, 84, 85, 88, 90, 92, 93, 94, 97, 98, 101, 102, 104, 110, 111, 112, 113, 119, 135, 136, 139, 140, 141, 142, 145, 146, 147, 148, 149, 150, 151, 152, 153, 155, 168, 169, 171, 172, 173, 175, 177, 189, 190, 191, 192, 193, 194, 208, 210, 211, 212, 213, 214, 215, 216, 217, 219, 223, 224, 233], "summary": {"covered_lines": 74, "num_statements": 75, "percent_covered": 98.66666666666667, "percent_covered_display": "99", "missing_lines": 1, "excluded_lines": 0}, "missing_lines": [196], "excluded_lines": []}, "": {"executed_lines": [1, 8, 9, 10, 12, 15, 16, 19, 21, 28, 42, 65, 106, 115, 121, 157, 179, 198, 221, 226, 236, 247, 250, 252, 253, 254, 257, 260, 261, 262, 263, 266, 268], "summary": {"covered_lines": 31, "num_statements": 33, "percent_covered": 93.93939393939394, "percent_covered_display": "94", "missing_lines": 2, "excluded_lines": 0}, "missing_lines": [255, 264], "excluded_lines": []}}}, "cloud_core\\runtime\\stack_reference_resolver.py": {"executed_lines": [1, 8, 9, 11, 14, 15, 17, 33, 34, 35, 36, 39, 42, 44, 54, 55, 57, 69, 70, 71, 74, 75, 77, 79, 80, 81, 83, 84, 87, 89, 91, 92, 94, 96, 107, 108, 109, 113, 118, 120, 121, 123, 124, 127, 129, 139, 140, 141, 143, 148, 150, 151, 153, 154, 155, 157, 159, 160, 162, 172, 174, 175, 176, 177, 178, 180, 181, 183, 193, 194, 196, 197, 198, 202, 212, 215, 235, 243, 245, 246, 248, 249, 252, 253, 254, 255, 257, 259], "summary": {"covered_lines": 86, "num_statements": 87, "percent_covered": 98.85057471264368, "percent_covered_display": "99", "missing_lines": 1, "excluded_lines": 0}, "missing_lines": [200], "excluded_lines": [], "functions": {"StackReferenceResolver.__init__": {"executed_lines": [33, 34, 35, 36, 39, 42], "summary": {"covered_lines": 6, "num_statements": 6, "percent_covered": 100.0, "percent_covered_display": "100", "missing_lines": 0, "excluded_lines": 0}, "missing_lines": [], "excluded_lines": []}, "StackReferenceResolver.set_pulumi_query_func": {"executed_lines": [54, 55], "summary": {"covered_lines": 2, "num_statements": 2, "percent_covered": 100.0, "percent_covered_display": "100", "missing_lines": 0, "excluded_lines": 0}, "missing_lines": [], "excluded_lines": []}, "StackReferenceResolver.resolve": {"executed_lines": [69, 70, 71, 74, 75, 77, 79, 80, 81, 83, 84, 87, 89, 91, 92, 94], "summary": {"covered_lines": 16, "num_statements": 16, "percent_covered": 100.0, "percent_covered_display": "100", "missing_lines": 0, "excluded_lines": 0}, "missing_lines": [], "excluded_lines": []}, "StackReferenceResolver._query_stack_output": {"executed_lines": [107, 108, 109, 113, 118, 120, 121, 123, 124, 127], "summary": {"covered_lines": 10, "num_statements": 10, "percent_covered": 100.0, "percent_covered_display": "100", "missing_lines": 0, "excluded_lines": 0}, "missing_lines": [], "excluded_lines": []}, "StackReferenceResolver.resolve_all_from_stack": {"executed_lines": [139, 140, 141, 143, 148, 150, 151, 153, 154, 155], "summary": {"covered_lines": 10, "num_statements": 10, "percent_covered": 100.0, "percent_covered_display": "100", "missing_lines": 0, "excluded_lines": 0}, "missing_lines": [], "excluded_lines": []}, "StackReferenceResolver.clear_cache": {"executed_lines": [159, 160], "summary": {"covered_lines": 2, "num_statements": 2, "percent_covered": 100.0, "percent_covered_display": "100", "missing_lines": 0, "excluded_lines": 0}, "missing_lines": [], "excluded_lines": []}, "StackReferenceResolver.preload_stack_outputs": {"executed_lines": [172, 174, 175, 176, 177, 178, 180, 181], "summary": {"covered_lines": 8, "num_statements": 8, "percent_covered": 100.0, "percent_covered_display": "100", "missing_lines": 0, "excluded_lines": 0}, "missing_lines": [], "excluded_lines": []}, "StackReferenceResolver.get_stack_name_from_placeholder": {"executed_lines": [193, 194, 196, 197, 198], "summary": {"covered_lines": 5, "num_statements": 6, "percent_covered": 83.33333333333333, "percent_covered_display": "83", "missing_lines": 1, "excluded_lines": 0}, "missing_lines": [200], "excluded_lines": []}, "StackReferenceResolver.is_stack_reference": {"executed_lines": [212], "summary": {"covered_lines": 1, "num_statements": 1, "percent_covered": 100.0, "percent_covered_display": "100", "missing_lines": 0, "excluded_lines": 0}, "missing_lines": [], "excluded_lines": []}, "create_resolver_with_pulumi": {"executed_lines": [235, 243, 257, 259], "summary": {"covered_lines": 4, "num_statements": 4, "percent_covered": 100.0, "percent_covered_display": "100", "missing_lines": 0, "excluded_lines": 0}, "missing_lines": [], "excluded_lines": []}, "create_resolver_with_pulumi.query_func": {"executed_lines": [245, 246, 248, 249, 252, 253, 254, 255], "summary": {"covered_lines": 8, "num_statements": 8, "percent_covered": 100.0, "percent_covered_display": "100", "missing_lines": 0, "excluded_lines": 0}, "missing_lines": [], "excluded_lines": []}, "": {"executed_lines": [1, 8, 9, 11, 14, 15, 17, 44, 57, 96, 129, 157, 162, 183, 202, 215], "summary": {"covered_lines": 14, "num_statements": 14, "percent_covered": 100.0, "percent_covered_display": "100", "missing_lines": 0, "excluded_lines": 0}, "missing_lines": [], "excluded_lines": []}}, "classes": {"StackReferenceResolver": {"executed_lines": [33, 34, 35, 36, 39, 42, 54, 55, 69, 70, 71, 74, 75, 77, 79, 80, 81, 83, 84, 87, 89, 91, 92, 94, 107, 108, 109, 113, 118, 120, 121, 123, 124, 127, 139, 140, 141, 143, 148, 150, 151, 153, 154, 155, 159, 160, 172, 174, 175, 176, 177, 178, 180, 181, 193, 194, 196, 197, 198, 212], "summary": {"covered_lines": 60, "num_statements": 61, "percent_covered": 98.36065573770492, "percent_covered_display": "98", "missing_lines": 1, "excluded_lines": 0}, "missing_lines": [200], "excluded_lines": []}, "": {"executed_lines": [1, 8, 9, 11, 14, 15, 17, 44, 57, 96, 129, 157, 162, 183, 202, 215, 235, 243, 245, 246, 248, 249, 252, 253, 254, 255, 257, 259], "summary": {"covered_lines": 26, "num_statements": 26, "percent_covered": 100.0, "percent_covered_display": "100", "missing_lines": 0, "excluded_lines": 0}, "missing_lines": [], "excluded_lines": []}}}, "cloud_core\\templates\\__init__.py": {"executed_lines": [1, 3, 8, 9, 11], "summary": {"covered_lines": 4, "num_statements": 4, "percent_covered": 100.0, "percent_covered_display": "100", "missing_lines": 0, "excluded_lines": 0}, "missing_lines": [], "excluded_lines": [], "functions": {"": {"executed_lines": [1, 3, 8, 9, 11], "summary": {"covered_lines": 4, "num_statements": 4, "percent_covered": 100.0, "percent_covered_display": "100", "missing_lines": 0, "excluded_lines": 0}, "missing_lines": [], "excluded_lines": []}}, "classes": {"": {"executed_lines": [1, 3, 8, 9, 11], "summary": {"covered_lines": 4, "num_statements": 4, "percent_covered": 100.0, "percent_covered_display": "100", "missing_lines": 0, "excluded_lines": 0}, "missing_lines": [], "excluded_lines": []}}}, "cloud_core\\templates\\manifest_generator.py": {"executed_lines": [1, 7, 8, 9, 10, 12, 13, 15, 18, 19, 21, 28, 30, 62, 65, 68, 83, 88, 89, 91, 92, 97, 98, 101, 102, 104, 105, 107, 120, 123, 129, 130, 132, 138, 140, 151, 152, 154, 155, 161, 162, 164, 166, 180, 181, 183, 184, 185, 186, 188, 189, 190, 193, 195, 197, 205, 207, 208, 210, 212, 223, 226, 227, 229, 231, 232, 234, 235, 236, 239, 242, 243, 244, 245, 251, 254, 256, 259, 260, 262, 263, 264, 266, 271, 273], "summary": {"covered_lines": 83, "num_statements": 89, "percent_covered": 93.25842696629213, "percent_covered_display": "93", "missing_lines": 6, "excluded_lines": 0}, "missing_lines": [246, 247, 248, 267, 268, 269], "excluded_lines": [], "functions": {"ManifestGenerator.__init__": {"executed_lines": [28], "summary": {"covered_lines": 1, "num_statements": 1, "percent_covered": 100.0, "percent_covered_display": "100", "missing_lines": 0, "excluded_lines": 0}, "missing_lines": [], "excluded_lines": []}, "ManifestGenerator.generate_manifest": {"executed_lines": [62, 65, 68, 83, 88, 89, 91, 92, 97, 98, 101, 102, 104, 105], "summary": {"covered_lines": 14, "num_statements": 14, "percent_covered": 100.0, "percent_covered_display": "100", "missing_lines": 0, "excluded_lines": 0}, "missing_lines": [], "excluded_lines": []}, "ManifestGenerator._generate_environments": {"executed_lines": [120, 123, 129, 130, 132, 138], "summary":
[...]
red": 100.0, "percent_covered_display": "100", "missing_lines": 0, "excluded_lines": 0}, "missing_lines": [], "excluded_lines": []}, "AWSValidator.get_warnings": {"executed_lines": [94], "summary": {"covered_lines": 1, "num_statements": 1, "percent_covered": 100.0, "percent_covered_display": "100", "missing_lines": 0, "excluded_lines": 0}, "missing_lines": [], "excluded_lines": []}, "AWSValidator.get_account_id": {"executed_lines": [103, 104, 105, 106, 107, 108], "summary": {"covered_lines": 6, "num_statements": 6, "percent_covered": 100.0, "percent_covered_display": "100", "missing_lines": 0, "excluded_lines": 0}, "missing_lines": [], "excluded_lines": []}, "": {"executed_lines": [1, 7, 8, 9, 10, 12, 15, 16, 18, 23, 43, 65, 88, 92, 96], "summary": {"covered_lines": 13, "num_statements": 13, "percent_covered": 100.0, "percent_covered_display": "100", "missing_lines": 0, "excluded_lines": 0}, "missing_lines": [], "excluded_lines": []}}, "classes": {"AWSValidator": {"executed_lines": [20, 21, 30, 31, 34, 35, 38, 41, 45, 46, 47, 49, 50, 52, 53, 55, 56, 57, 58, 59, 60, 61, 62, 63, 67, 69, 70, 72, 73, 75, 76, 77, 78, 80, 84, 85, 86, 90, 94, 103, 104, 105, 106, 107, 108], "summary": {"covered_lines": 45, "num_statements": 48, "percent_covered": 93.75, "percent_covered_display": "94", "missing_lines": 3, "excluded_lines": 0}, "missing_lines": [39, 82, 83], "excluded_lines": []}, "": {"executed_lines": [1, 7, 8, 9, 10, 12, 15, 16, 18, 23, 43, 65, 88, 92, 96], "summary": {"covered_lines": 13, "num_statements": 13, "percent_covered": 100.0, "percent_covered_display": "100", "missing_lines": 0, "excluded_lines": 0}, "missing_lines": [], "excluded_lines": []}}}, "cloud_core\\validation\\dependency_validator.py": {"executed_lines": [1, 7, 8, 9, 11, 14, 15, 17, 19, 20, 22, 32, 33, 35, 37, 38, 41, 43, 44, 45, 46, 47, 50, 51, 52, 57, 59, 60, 61, 62, 63, 64, 66, 68, 70, 72], "summary": {"covered_lines": 34, "num_statements": 37, "percent_covered": 91.89189189189189, "percent_covered_display": "92", "missing_lines": 3, "excluded_lines": 0}, "missing_lines": [53, 54, 55], "excluded_lines": [], "functions": {"DependencyValidator.__init__": {"executed_lines": [19, 20], "summary": {"covered_lines": 2, "num_statements": 2, "percent_covered": 100.0, "percent_covered_display": "100", "missing_lines": 0, "excluded_lines": 0}, "missing_lines": [], "excluded_lines": []}, "DependencyValidator.validate": {"executed_lines": [32, 33, 35, 37, 38, 41, 43, 44, 45, 46, 47, 50, 51, 52, 57, 59, 60, 61, 62, 63, 64], "summary": {"covered_lines": 21, "num_statements": 24, "percent_covered": 87.5, "percent_covered_display": "88", "missing_lines": 3, "excluded_lines": 0}, "missing_lines": [53, 54, 55], "excluded_lines": []}, "DependencyValidator.get_errors": {"executed_lines": [68], "summary": {"covered_lines": 1, "num_statements": 1, "percent_covered": 100.0, "percent_covered_display": "100", "missing_lines": 0, "excluded_lines": 0}, "missing_lines": [], "excluded_lines": []}, "DependencyValidator.get_warnings": {"executed_lines": [72], "summary": {"covered_lines": 1, "num_statements": 1, "percent_covered": 100.0, "percent_covered_display": "100", "missing_lines": 0, "excluded_lines": 0}, "missing_lines": [], "excluded_lines": []}, "": {"executed_lines": [1, 7, 8, 9, 11, 14, 15, 17, 22, 66, 70], "summary": {"covered_lines": 9, "num_statements": 9, "percent_covered": 100.0, "percent_covered_display": "100", "missing_lines": 0, "excluded_lines": 0}, "missing_lines": [], "excluded_lines": []}}, "classes": {"DependencyValidator": {"executed_lines": [19, 20, 32, 33, 35, 37, 38, 41, 43, 44, 45, 46, 47, 50, 51, 52, 57, 59, 60, 61, 62, 63, 64, 68, 72], "summary": {"covered_lines": 25, "num_statements": 28, "percent_covered": 89.28571428571429, "percent_covered_display": "89", "missing_lines": 3, "excluded_lines": 0}, "missing_lines": [53, 54, 55], "excluded_lines": []}, "": {"executed_lines": [1, 7, 8, 9, 11, 14, 15, 17, 22, 66, 70], "summary": {"covered_lines": 9, "num_statements": 9, "percent_covered": 100.0, "percent_covered_display": "100", "missing_lines": 0, "excluded_lines": 0}, "missing_lines": [], "excluded_lines": []}}}, "cloud_core\\validation\\manifest_validator.py": {"executed_lines": [1, 7, 8, 9, 10, 13, 14, 16, 17, 18, 19, 22, 23, 25, 26, 27, 30, 31, 33, 34, 35, 36, 37, 38, 40, 44, 46, 49, 50, 52, 54, 55, 56, 59, 69, 70, 71, 74, 77, 78, 79, 82, 83, 84, 93, 96, 99, 100, 102, 104, 107, 111, 114, 115, 116, 117, 120, 121, 122, 124, 126, 136, 137, 140, 145, 146, 147, 156, 157, 165, 166, 168, 170, 172, 173, 175, 176, 177, 178, 183, 185, 187, 188, 189, 192, 193, 194, 200, 204], "summary": {"covered_lines": 84, "num_statements": 109, "percent_covered": 77.06422018348624, "percent_covered_display": "77", "missing_lines": 25, "excluded_lines": 0}, "missing_lines": [85, 86, 87, 88, 89, 90, 108, 109, 141, 142, 148, 149, 150, 151, 152, 153, 158, 159, 160, 161, 162, 179, 195, 202, 206], "excluded_lines": [], "functions": {"ManifestValidator.__init__": {"executed_lines": [54, 55, 56], "summary": {"covered_lines": 3, "num_statements": 3, "percent_covered": 100.0, "percent_covered_display": "100", "missing_lines": 0, "excluded_lines": 0}, "missing_lines": [], "excluded_lines": []}, "ManifestValidator.validate": {"executed_lines": [69, 70, 71, 74, 77, 78, 79, 82, 83, 84, 93, 96, 99, 100, 102], "summary": {"covered_lines": 15, "num_statements": 21, "percent_covered": 71.42857142857143, "percent_covered_display": "71", "missing_lines": 6, "excluded_lines": 0}, "missing_lines": [85, 86, 87, 88, 89, 90], "excluded_lines": []}, "ManifestValidator._validate_basic_structure": {"executed_lines": [107, 111, 114, 115, 116, 117, 120, 121, 122, 124], "summary": {"covered_lines": 10, "num_statements": 12, "percent_covered": 83.33333333333333, "percent_covered_display": "83", "missing_lines": 2, "excluded_lines": 0}, "missing_lines": [108, 109], "excluded_lines": []}, "ManifestValidator.validate_file": {"executed_lines": [136, 137, 140, 145, 146, 147, 156, 157, 165, 166, 168], "summary": {"covered_lines": 11, "num_statements": 24, "percent_covered": 45.833333333333336, "percent_covered_display": "46", "missing_lines": 13, "excluded_lines": 0}, "missing_lines": [141, 142, 148, 149, 150, 151, 152, 153, 158, 159, 160, 161, 162], "excluded_lines": []}, "ManifestValidator._validate_dependencies": {"executed_lines": [172, 173, 175, 176, 177, 178], "summary": {"covered_lines": 6, "num_statements": 7, "percent_covered": 85.71428571428571, "percent_covered_display": "86", "missing_lines": 1, "excluded_lines": 0}, "missing_lines": [179], "excluded_lines": []}, "ManifestValidator._validate_layers": {"executed_lines": [185, 187, 188, 189, 192, 193, 194], "summary": {"covered_lines": 7, "num_statements": 8, "percent_covered": 87.5, "percent_covered_display": "88", "missing_lines": 1, "excluded_lines": 0}, "missing_lines": [195], "excluded_lines": []}, "ManifestValidator.get_errors": {"executed_lines": [], "summary": {"covered_lines": 0, "num_statements": 1, "percent_covered": 0.0, "percent_covered_display": "0", "missing_lines": 1, "excluded_lines": 0}, "missing_lines": [202], "excluded_lines": []}, "ManifestValidator.get_warnings": {"executed_lines": [], "summary": {"covered_lines": 0, "num_statements": 1, "percent_covered": 0.0, "percent_covered_display": "0", "missing_lines": 1, "excluded_lines": 0}, "missing_lines": [206], "excluded_lines": []}, "": {"executed_lines": [1, 7, 8, 9, 10, 13, 14, 16, 17, 18, 19, 22, 23, 25, 26, 27, 30, 31, 33, 34, 35, 36, 37, 38, 40, 44, 46, 49, 50, 52, 59, 104, 126, 170, 183, 200, 204], "summary": {"covered_lines": 32, "num_statements": 32, "percent_covered": 100.0, "percent_covered_display": "100", "missing_lines": 0, "excluded_lines": 0}, "missing_lines": [], "excluded_lines": []}}, "classes": {"StackConfig": {"executed_lines": [], "summary": {"covered_lines": 0, "num_statements": 0, "percent_covered": 100.0, "percent_covered_display": "100", "missing_lines": 0, "excluded_lines": 0}, "missing_lines": [], "excluded_lines": []}, "EnvironmentConfig": {"executed_lines": [], "summary": {"covered_lines": 0, "num_statements": 0, "percent_covered": 100.0, "percent_covered_display": "100", "missing_lines": 0, "excluded_lines": 0}, "missing_lines": [], "excluded_lines": []}, "DeploymentManifest": {"executed_lines": [], "summary": {"covered_lines": 0, "num_statements": 0, "percent_covered": 100.0, "percent_covered_display": "100", "missing_lines": 0, "excluded_lines": 0}, "missing_lines": [], "excluded_lines": []}, "ManifestValidator": {"executed_lines": [54, 55, 56, 69, 70, 71, 74, 77, 78, 79, 82, 83, 84, 93, 96, 99, 100, 102, 107, 111, 114, 115, 116, 117, 120, 121, 122, 124, 136, 137, 140, 145, 146, 147, 156, 157, 165, 166, 168, 172, 173, 175, 176, 177, 178, 185, 187, 188, 189, 192, 193, 194], "summary": {"covered_lines": 52, "num_statements": 77, "percent_covered": 67.53246753246754, "percent_covered_display": "68", "missing_lines": 25, "excluded_lines": 0}, "missing_lines": [85, 86, 87, 88, 89, 90, 108, 109, 141, 142, 148, 149, 150, 151, 152, 153, 158, 159, 160, 161, 162, 179, 195, 202, 206], "excluded_lines": []}, "": {"executed_lines": [1, 7, 8, 9, 10, 13, 14, 16, 17, 18, 19, 22, 23, 25, 26, 27, 30, 31, 33, 34, 35, 36, 37, 38, 40, 44, 46, 49, 50, 52, 59, 104, 126, 170, 183, 200, 204], "summary": {"covered_lines": 32, "num_statements": 32, "percent_covered": 100.0, "percent_covered_display": "100", "missing_lines": 0, "excluded_lines": 0}, "missing_lines": [], "excluded_lines": []}}}, "cloud_core\\validation\\pulumi_validator.py": {"executed_lines": [1, 7, 8, 9, 10, 12, 15, 16, 18, 20, 21, 23, 30, 31, 34, 35, 38, 39, 41, 43, 45, 46, 53, 54, 55, 57, 58, 61, 62, 63, 64, 66, 69, 71, 72, 75, 77, 78, 80, 82, 84, 86], "summary": {"covered_lines": 40, "num_statements": 40, "percent_covered": 100.0, "percent_covered_display": "100", "missing_lines": 0, "excluded_lines": 0}, "missing_lines": [], "excluded_lines": [], "functions": {"PulumiValidator.__init__": {"executed_lines": [20, 21], "summary": {"covered_lines": 2, "num_statements": 2, "percent_covered": 100.0, "percent_covered_display": "100", "missing_lines": 0, "excluded_lines": 0}, "missing_lines": [], "excluded_lines": []}, "PulumiValidator.validate": {"executed_lines": [30, 31, 34, 35, 38, 39, 41], "summary": {"covered_lines": 7, "num_statements": 7, "percent_covered": 100.0, "percent_covered_display": "100", "missing_lines": 0, "excluded_lines": 0}, "missing_lines": [], "excluded_lines": []}, "PulumiValidator._check_cli_installed": {"executed_lines": [45, 46, 53, 54, 55, 57, 58, 61, 62, 63, 64], "summary": {"covered_lines": 11, "num_statements": 11, "percent_covered": 100.0, "percent_covered_display": "100", "missing_lines": 0, "excluded_lines": 0}, "missing_lines": [], "excluded_lines": []}, "PulumiValidator._check_access_token": {"executed_lines": [69, 71, 72, 75, 77, 78], "summary": {"covered_lines": 6, "num_statements": 6, "percent_covered": 100.0, "percent_covered_display": "100", "missing_lines": 0, "excluded_lines": 0}, "missing_lines": [], "excluded_lines": []}, "PulumiValidator.get_errors": {"executed_lines": [82], "summary": {"covered_lines": 1, "num_statements": 1, "percent_covered": 100.0, "percent_covered_display": "100", "missing_lines": 0, "excluded_lines": 0}, "missing_lines": [], "excluded_lines": []}, "PulumiValidator.get_warnings": {"executed_lines": [86], "summary": {"covered_lines": 1, "num_statements": 1, "percent_covered": 100.0, "percent_covered_display": "100", "missing_lines": 0, "excluded_lines": 0}, "missing_lines": [], "excluded_lines": []}, "": {"executed_lines": [1, 7, 8, 9, 10, 12, 15, 16, 18, 23, 43, 66, 80, 84], "summary": {"covered_lines": 12, "num_statements": 12, "percent_covered": 100.0, "percent_covered_display": "100", "missing_lines": 0, "excluded_lines": 0}, "missing_lines": [], "excluded_lines": []}}, "classes": {"PulumiValidator": {"executed_lines": [20, 21, 30, 31, 34, 35, 38, 39, 41, 45, 46, 53, 54, 55, 57, 58, 61, 62, 63, 64, 69, 71, 72, 75, 77, 78, 82, 86], "summary": {"covered_lines": 28, "num_statements": 28, "percent_covered": 100.0, "percent_covered_display": "100", "missing_lines": 0, "excluded_lines": 0}, "missing_lines": [], "excluded_lines": []}, "": {"executed_lines": [1, 7, 8, 9, 10, 12, 15, 16, 18, 23, 43, 66, 80, 84], "summary": {"covered_lines": 12, "num_statements": 12, "percent_covered": 100.0, "percent_covered_display": "100", "missing_lines": 0, "excluded_lines": 0}, "missing_lines": [], "excluded_lines": []}}}, "cloud_core\\validation\\stack_code_validator.py": {"executed_lines": [1, 8, 9, 10, 12, 14, 17, 18, 19, 20, 21, 22, 25, 26, 27, 28, 29, 30, 31, 33, 35, 36, 38, 40, 42, 44, 46, 48, 50, 52, 55, 56, 58, 60, 62, 81, 83, 85, 118, 119, 121, 123, 200, 257, 274, 276, 277, 279, 285, 286, 288, 290, 308, 310, 311, 312, 314, 316, 318, 319, 349, 351, 361, 363, 364, 366, 367, 368, 371, 372, 373, 374, 375, 378, 379, 380, 381, 382, 384, 386, 399, 400, 401, 402, 404, 405, 406, 408, 409, 410, 411, 413, 414, 415, 417, 419], "summary": {"covered_lines": 92, "num_statements": 168, "percent_covered": 54.76190476190476, "percent_covered_display": "55", "missing_lines": 76, "excluded_lines": 0}, "missing_lines": [88, 89, 91, 92, 95, 97, 100, 103, 111, 139, 140, 143, 144, 145, 151, 152, 153, 154, 159, 165, 166, 167, 168, 171, 172, 174, 175, 181, 182, 184, 185, 191, 192, 194, 195, 216, 217, 220, 221, 222, 223, 228, 234, 235, 236, 242, 243, 244, 245, 248, 249, 251, 252, 280, 281, 282, 283, 322, 323, 324, 327, 328, 329, 332, 333, 334, 335, 336, 337, 338, 339, 342, 343, 344, 346, 347], "excluded_lines": [], "functions": {"ValidationResult.add_error": {"executed_lines": [35, 36], "summary": {"covered_lines": 2, "num_statements": 2, "percent_covered": 100.0, "percent_covered_display": "100", "missing_lines": 0, "excluded_lines": 0}, "missing_lines": [], "excluded_lines": []}, "ValidationResult.add_warning": {"executed_lines": [40], "summary": {"covered_lines": 1, "num_statements": 1, "percent_covered": 100.0, "percent_covered_display": "100", "missing_lines": 0, "excluded_lines": 0}, "missing_lines": [], "excluded_lines": []}, "ValidationResult.has_issues": {"executed_lines": [44], "summary": {"covered_lines": 1, "num_statements": 1, "percent_covered": 100.0, "percent_covered_display": "100", "missing_lines": 0, "excluded_lines": 0}, "missing_lines": [], "excluded_lines": []}, "ValidationResult.get_error_count": {"executed_lines": [48], "summary": {"covered_lines": 1, "num_statements": 1, "percent_covered": 100.0, "percent_covered_display": "100", "missing_lines": 0, "excluded_lines": 0}, "missing_lines": [], "excluded_lines": []}, "ValidationResult.get_warning_count": {"executed_lines": [52], "summary": {"covered_lines": 1, "num_statements": 1, "percent_covered": 100.0, "percent_covered_display": "100", "missing_lines": 0, "excluded_lines": 0}, "missing_lines": [], "excluded_lines": []}, "StackCodeValidator.__init__": {"executed_lines": [60], "summary": {"covered_lines": 1, "num_statements": 1, "percent_covered": 100.0, "percent_covered_display": "100", "missing_lines": 0, "excluded_lines": 0}, "missing_lines": [], "excluded_lines": []}, "StackCodeValidator.validate": {"executed_lines": [81, 83, 85, 118, 119, 121], "summary": {"covered_lines": 6, "num_statements": 15, "percent_covered": 40.0, "percent_covered_display": "40", "missing_lines": 9, "excluded_lines": 0}, "missing_lines": [88, 89, 91, 92, 95, 97, 100, 103, 111], "excluded_lines": []}, "StackCodeValidator._validate_inputs": {"executed_lines": [], "summary": {"covered_lines": 0, "num_statements": 26, "percent_covered": 0.0, "percent_covered_display": "0", "missing_lines": 26, "excluded_lines": 0}, "missing_lines": [139, 140, 143, 144, 145, 151, 152, 153, 154, 159, 165, 166, 167, 168, 171, 172, 174, 175, 181, 182, 184, 185, 191, 192, 194, 195], "excluded_lines": []}, "StackCodeValidator._validate_outputs": {"executed_lines": [], "summary": {"covered_lines": 0, "num_statements": 18, "percent_covered": 0.0, "percent_covered_display": "0", "missing_lines": 18, "excluded_lines": 0}, "missing_lines": [216, 217, 220, 221, 222, 223, 228, 234, 235, 236, 242, 243, 244, 245, 248, 249, 251, 252], "excluded_lines": []}, "StackCodeValidator.validate_multiple_stacks": {"executed_lines": [274, 276, 277, 279, 285, 286, 288], "summary": {"covered_lines": 7, "num_statements": 11, "percent_covered": 63.63636363636363, "percent_covered_display": "64", "missing_lines": 4, "excluded_lines": 0}, "missing_lines": [280, 281, 282, 283], "excluded_lines": []}, "StackCodeValidator.validate_deployment": {"executed_lines": [308, 310, 311, 312, 314, 316, 318, 319, 349], "summary": {"covered_lines": 9, "num_statements": 28, "percent_covered": 32.142857142857146, "percent_covered_display": "32", "missing_lines": 19, "excluded_lines": 0}, "missing_lines": [322, 323, 324, 327, 328, 329, 332, 333, 334, 335, 336, 337, 338, 339, 342, 343, 344, 346, 347], "excluded_lines": []}, "StackCodeValidator.format_validation_result": {"executed_lines": [361, 363, 364, 366, 367, 368, 371, 372, 373, 374, 375, 378, 379, 380, 381, 382, 384], "summary": {"covered_lines": 17, "num_statements": 17, "percent_covered": 100.0, "percent_covered_display": "100", "missing_lines": 0, "excluded_lines": 0}, "missing_lines": [], "excluded_lines": []}, "StackCodeValidator.format_multiple_results": {"executed_lines": [399, 400, 401, 402, 404, 405, 406, 408, 409, 410, 411, 413, 414, 415, 417, 419], "summary": {"covered_lines": 16, "num_statements": 16, "percent_covered": 100.0, "percent_covered_display": "100", "missing_lines": 0, "excluded_lines": 0}, "missing_lines": [], "excluded_lines": []}, "": {"executed_lines": [1, 8, 9, 10, 12, 14, 17, 18, 19, 20, 21, 22, 25, 26, 27, 28, 29, 30, 31, 33, 38, 42, 46, 50, 55, 56, 58, 62, 123, 200, 257, 290, 351, 386], "summary": {"covered_lines": 30, "num_statements": 30, "percent_covered": 100.0, "percent_covered_display": "100", "missing_lines": 0, "excluded_lines": 0}, "missing_lines": [], "excluded_lines": []}}, "classes": {"ValidationIssue": {"executed_lines": [], "summary": {"covered_lines": 0, "num_statements": 0, "percent_covered": 100.0, "percent_covered_display": "100", "missing_lines": 0, "excluded_lines": 0}, "missing_lines": [], "excluded_lines": []}, "ValidationResult": {"executed_lines": [35, 36, 40, 44, 48, 52], "summary": {"covered_lines": 6, "num_statements": 6, "percent_covered": 100.0, "percent_covered_display": "100", "missing_lines": 0, "excluded_lines": 0}, "missing_lines": [], "excluded_lines": []}, "StackCodeValidator": {"executed_lines": [60, 81, 83, 85, 118, 119, 121, 274, 276, 277, 279, 285, 286, 288, 308, 310, 311, 312, 314, 316, 318, 319, 349, 361, 363, 364, 366, 367, 368, 371, 372, 373, 374, 375, 378, 379, 380, 381, 382, 384, 399, 400, 401, 402, 404, 405, 406, 408, 409, 410, 411, 413, 414, 415, 417, 419], "summary": {"covered_lines": 56, "num_statements": 132, "percent_covered": 42.42424242424242, "percent_covered_display": "42", "missing_lines": 76, "excluded_lines": 0}, "missing_lines": [88, 89, 91, 92, 95, 97, 100, 103, 111, 139, 140, 143, 144, 145, 151, 152, 153, 154, 159, 165, 166, 167, 168, 171, 172, 174, 175, 181, 182, 184, 185, 191, 192, 194, 195, 216, 217, 220, 221, 222, 223, 228, 234, 235, 236, 242, 243, 244, 245, 248, 249, 251, 252, 280, 281, 282, 283, 322, 323, 324, 327, 328, 329, 332, 333, 334, 335, 336, 337, 338, 339, 342, 343, 344, 346, 347], "excluded_lines": []}, "": {"executed_lines": [1, 8, 9, 10, 12, 14, 17, 18, 19, 20, 21, 22, 25, 26, 27, 28, 29, 30, 31, 33, 38, 42, 46, 50, 55, 56, 58, 62, 123, 200, 257, 290, 351, 386], "summary": {"covered_lines": 30, "num_statements": 30, "percent_covered": 100.0, "percent_covered_display": "100", "missing_lines": 0, "excluded_lines": 0}, "missing_lines": [], "excluded_lines": []}}}}, "totals": {"covered_lines": 1918, "num_statements": 2211, "percent_covered": 86.7480777928539, "percent_covered_display": "87", "missing_lines": 293, "excluded_lines": 0}}